#
# There is insufficient memory for the Java Runtime Environment to continue.
# Native memory allocation (malloc) failed to allocate 1048576 bytes for AllocateHeap
# Possible reasons:
#   The system is out of physical RAM or swap space
#   In 32 bit mode, the process size limit was hit
# Possible solutions:
#   Reduce memory load on the system
#   Increase physical memory or swap space
#   Check if swap backing store is full
#   Use 64 bit Java on a 64 bit OS
#   Decrease Java heap size (-Xmx/-Xms)
#   Decrease number of Java threads
#   Decrease Java thread stack sizes (-Xss)
#   Set larger code cache with -XX:ReservedCodeCacheSize=
# This output file may be truncated or incomplete.
#
#  Out of Memory Error (memory/allocation.inline.hpp:61), pid=10388, tid=0x0000000000000b6c
#
# JRE version:  (8.0_152-b06) (build )
# Java VM: OpenJDK 64-Bit Server VM (25.152-b06 mixed mode windows-amd64 compressed oops)
# Failed to write core dump. Minidumps are not enabled by default on client versions of Windows
#

---------------  T H R E A D  ---------------

Current thread (0x0000000002684000):  JavaThread "Unknown thread" [_thread_in_vm, id=2924, stack(0x0000000002580000,0x0000000002680000)]

Stack: [0x0000000002580000,0x0000000002680000]
[error occurred during error reporting (printing stack bounds), id 0xc0000005]

Native frames: (J=compiled Java code, j=interpreted, Vv=VM code, C=native code)


---------------  P R O C E S S  ---------------

Java Threads: ( => current thread )

Other Threads:

=>0x0000000002684000 (exited) JavaThread "Unknown thread" [_thread_in_vm, id=2924, stack(0x0000000002580000,0x0000000002680000)]

VM state:not at safepoint (normal execution)

VM Mutex/Monitor currently owned by a thread: None

Heap:
 PSYoungGen      total 38400K, used 665K [0x00000000d5f00000, 0x00000000d8980000, 0x0000000100000000)
  eden space 33280K, 2% used [0x00000000d5f00000,0x00000000d5fa6670,0x00000000d7f80000)
  from space 5120K, 0% used [0x00000000d8480000,0x00000000d8480000,0x00000000d8980000)
  to   space 5120K, 0% used [0x00000000d7f80000,0x00000000d7f80000,0x00000000d8480000)
 ParOldGen       total 87552K, used 0K [0x0000000081c00000, 0x0000000087180000, 0x00000000d5f00000)
  object space 87552K, 0% used [0x0000000081c00000,0x0000000081c00000,0x0000000087180000)
 Metaspace       used 772K, capacity 4480K, committed 4480K, reserved 1056768K
  class space    used 73K, capacity 384K, committed 384K, reserved 1048576K

Card table byte_map: [0x0000000011b40000,0x0000000011f40000] byte_map_base: 0x0000000011732000

Marking Bits: (ParMarkBitMap*) 0x00000000749a5aa0
 Begin Bits: [0x00000000125f0000, 0x0000000014580000)
 End Bits:   [0x0000000014580000, 0x0000000016510000)

Polling page: 0x00000000006a0000

CodeCache: size=245760Kb used=328Kb max_used=328Kb free=245431Kb
 bounds [0x0000000002780000, 0x00000000029f0000, 0x0000000011780000]
 total_blobs=57 nmethods=0 adapters=38
 compilation: enabled

Compilation events (0 events):
No events

GC Heap History (0 events):
No events

Deoptimization events (0 events):
No events

Classes redefined (0 events):
No events

Internal exceptions (0 events):
No events

Events (10 events):
Event: 0.019 loading class java/lang/Short
Event: 0.020 loading class java/lang/Short done
Event: 0.020 loading class java/lang/Integer
Event: 0.020 loading class java/lang/Integer done
Event: 0.020 loading class java/lang/Long
Event: 0.020 loading class java/lang/Long done
Event: 0.020 loading class java/lang/NullPointerException
Event: 0.021 loading class java/lang/NullPointerException done
Event: 0.021 loading class java/lang/ArithmeticException
Event: 0.021 loading class java/lang/ArithmeticException done


Dynamic libraries:
0x00007ff7e6a30000 - 0x00007ff7e6a61000 	D:\AndroidStudio\jre\jre\bin\java.exe
0x00007ffe72810000 - 0x00007ffe729f1000 	C:\WINDOWS\SYSTEM32\ntdll.dll
0x00007ffe706e0000 - 0x00007ffe70792000 	C:\WINDOWS\System32\KERNEL32.DLL
0x00007ffe6ebe0000 - 0x00007ffe6ee53000 	C:\WINDOWS\System32\KERNELBASE.dll
0x00007ffe6ffc0000 - 0x00007ffe70061000 	C:\WINDOWS\System32\ADVAPI32.dll
0x00007ffe72130000 - 0x00007ffe721ce000 	C:\WINDOWS\System32\msvcrt.dll
0x00007ffe72780000 - 0x00007ffe727db000 	C:\WINDOWS\System32\sechost.dll
0x00007ffe6fe50000 - 0x00007ffe6ff74000 	C:\WINDOWS\System32\RPCRT4.dll
0x00007ffe70a50000 - 0x00007ffe70be0000 	C:\WINDOWS\System32\USER32.dll
0x00007ffe6f760000 - 0x00007ffe6f780000 	C:\WINDOWS\System32\win32u.dll
0x00007ffe6fca0000 - 0x00007ffe6fcc8000 	C:\WINDOWS\System32\GDI32.dll
0x00007ffe6faa0000 - 0x00007ffe6fc32000 	C:\WINDOWS\System32\gdi32full.dll
0x00007ffe6fa00000 - 0x00007ffe6fa9f000 	C:\WINDOWS\System32\msvcp_win.dll
0x00007ffe6f8b0000 - 0x00007ffe6f9aa000 	C:\WINDOWS\System32\ucrtbase.dll
0x00007ffe5daf0000 - 0x00007ffe5dd59000 	C:\WINDOWS\WinSxS\amd64_microsoft.windows.common-controls_6595b64144ccf1df_6.0.17134.345_none_fb429a5930656358\COMCTL32.dll
0x00007ffe703b0000 - 0x00007ffe706d3000 	C:\WINDOWS\System32\combase.dll
0x00007ffe6f830000 - 0x00007ffe6f8aa000 	C:\WINDOWS\System32\bcryptPrimitives.dll
0x00007ffe6ff90000 - 0x00007ffe6ffbd000 	C:\WINDOWS\System32\IMM32.DLL
0x0000000074100000 - 0x00000000741d2000 	D:\AndroidStudio\jre\jre\bin\msvcr100.dll
0x00000000741e0000 - 0x0000000074a21000 	D:\AndroidStudio\jre\jre\bin\server\jvm.dll
0x00007ffe6fcd0000 - 0x00007ffe6fcd8000 	C:\WINDOWS\System32\PSAPI.DLL
0x00007ffe6cfa0000 - 0x00007ffe6cfa9000 	C:\WINDOWS\SYSTEM32\WSOCK32.dll
0x00007ffe6b320000 - 0x00007ffe6b343000 	C:\WINDOWS\SYSTEM32\WINMM.dll
0x00007ffe70be0000 - 0x00007ffe70c4c000 	C:\WINDOWS\System32\WS2_32.dll
0x00007ffe608f0000 - 0x00007ffe608fa000 	C:\WINDOWS\SYSTEM32\VERSION.dll
0x00007ffe6b2f0000 - 0x00007ffe6b31a000 	C:\WINDOWS\SYSTEM32\WINMMBASE.dll
0x00007ffe6f9b0000 - 0x00007ffe6f9f9000 	C:\WINDOWS\System32\cfgmgr32.dll
0x00007ffe6a290000 - 0x00007ffe6a29f000 	D:\AndroidStudio\jre\jre\bin\verify.dll
0x00007ffe431f0000 - 0x00007ffe43219000 	D:\AndroidStudio\jre\jre\bin\java.dll
0x00007ffe6a1a0000 - 0x00007ffe6a1b6000 	D:\AndroidStudio\jre\jre\bin\zip.dll

VM Arguments:
java_command: org.jetbrains.kotlin.cli.jvm.K2JVMCompiler -Xadd-compiler-builtins -Xbuild-file=C:\Users\CHOWJI~1\AppData\Local\Temp\kjps1960049608259882643app_debug.script.xml -classpath C:\Users\Chow Jia Jun\.gradle\caches\modules-2\files-2.1\org.jetbrains.kotlin\kotlin-stdlib-jdk7\1.3.0\683e04a4e7f17437d7e1390480f312e122e42e9e\kotlin-stdlib-jdk7-1.3.0.jar;C:\Users\Chow Jia Jun\.gradle\caches\transforms-1\files-1.1\appcompat-v7-28.0.0.aar\0e44a9d4829405b53dc8fab373bdeb56\jars\classes.jar;C:\Users\Chow Jia Jun\.gradle\caches\transforms-1\files-1.1\constraint-layout-1.1.3.aar\094338e76d0d597ac6a57d8c24c28e38\jars\classes.jar;C:\Users\Chow Jia Jun\.gradle\caches\modules-2\files-2.1\org.jetbrains.kotlin\kotlin-stdlib\1.3.0\a134b0cfe9bb44f98b0b3e889cda07923eea9428\kotlin-stdlib-1.3.0.jar;C:\Users\Chow Jia Jun\.gradle\caches\transforms-1\files-1.1\support-fragment-28.0.0.aar\b9406f7963eff7f1d3989f6785496642\jars\classes.jar;C:\Users\Chow Jia Jun\.gradle\caches\transforms-1\files-1.1\animated-vector-drawable-28.0.0.aar\cf9f83e3b003caf2367973763f14ed8c\jars\classes.jar;C:\Users\Chow Jia Jun\.gradle\caches\transforms-1\files-1.1\support-core-ui-28.0.0.aar\0e924049890f21c60cfc8fc258792a0f\jars\classes.jar;C:\Users\Chow Jia Jun\.gradle\caches\transforms-1\files-1.1\support-core-utils-28.0.0.aar\d3dd280b17f98b5620219fe5bed3bbda\jars\classes.jar;C:\Users\Chow Jia Jun\.gradle\caches\transforms-1\files-1.1\support-vector-drawable-28.0.0.aar\04e6ca444f8f17dade7d18aefac88579\jars\classes.jar;C:\Users\Chow Jia Jun\.gradle\caches\transforms-1\files-1.1\loader-28.0.0.aar\2d99fde30af0af5870e390813974acfb\jars\classes.jar;C:\Users\Chow Jia Jun\.gradle\caches\transforms-1\files-1.1\viewpager-28.0.0.aar\2a9df7c83526238c01862298a8c59cdd\jars\classes.jar;C:\Users\Chow Jia Jun\.gradle\caches\transforms-1\files-1.1\coordinatorlayout-28.0.0.aar\59ae2403d90328f3d0c6149e1b5046d1\jars\classes.jar;C:\Users\Chow Jia Jun\.gradle\caches\transforms-1\files-1.1\drawerlayout-28.0.0.aar\078428d3b2e5fd1b
java_class_path (initial): C:\Users\Chow Jia Jun\.gradle\caches\modules-2\files-2.1\org.jetbrains.kotlin\kotlin-compiler-embeddable\1.3.0\6e8167f9aab0f6cfec309c2722f72dc26572a782\kotlin-compiler-embeddable-1.3.0.jar;C:\Users\Chow Jia Jun\.gradle\caches\modules-2\files-2.1\org.jetbrains.kotlin\kotlin-reflect\1.3.0\6fd129fd9ba8581f2cb9c58bfd431dda4ee0457e\kotlin-reflect-1.3.0.jar;C:\Users\Chow Jia Jun\.gradle\caches\modules-2\files-2.1\org.jetbrains.kotlin\kotlin-stdlib\1.3.0\a134b0cfe9bb44f98b0b3e889cda07923eea9428\kotlin-stdlib-1.3.0.jar;C:\Users\Chow Jia Jun\.gradle\caches\modules-2\files-2.1\org.jetbrains.kotlin\kotlin-script-runtime\1.3.0\c7173ea6208fa189fb56d679624fbc5e2026187f\kotlin-script-runtime-1.3.0.jar;C:\Users\Chow Jia Jun\.gradle\caches\modules-2\files-2.1\org.jetbrains.kotlin\kotlin-stdlib-common\1.3.0\84a2e0288dc17cd64d692eb1e5e0de8cd5ff0846\kotlin-stdlib-common-1.3.0.jar;C:\Users\Chow Jia Jun\.gradle\caches\modules-2\files-2.1\org.jetbrains\annotations\13.0\919f0dfe192fb4e063e7dacadee7f8bb9a2672a9\annotations-13.0.jar;D:\AndroidStudio\jre\lib\tools.jar
Launcher Type: SUN_STANDARD

Environment Variables:
PATH=C:\Program Files (x86)\Common Files\Oracle\Java\javapath;C:\Program Files (x86)\NVIDIA Corporation\PhysX\Common;C:\Program Files (x86)\Razer Chroma SDK\bin;C:\Program Files\Razer Chroma SDK\bin;C:\WINDOWS\system32;C:\WINDOWS;C:\WINDOWS\System32\Wbem;C:\WINDOWS\System32\WindowsPowerShell\v1.0\;C:\Program Files\Microsoft SQL Server\130\Tools\Binn\;C:\Program Files\dotnet\;C:\Users\Chow Jia Jun\AppData\Local\Programs\Python\Python36-32\Scripts\;C:\Users\Chow Jia Jun\AppData\Local\Programs\Python\Python36-32\;C:\Users\Chow Jia Jun\AppData\Local\Microsoft\WindowsApps;C:\WINDOWS\system32;C:\WINDOWS;C:\WINDOWS\System32\Wbem;C:\WINDOWS\System32\WindowsPowerShell\v1.0\;C:\Program Files\Microsoft SQL Server\Client SDK\ODBC\130\Tools\Binn\;C:\Program Files (x86)\Microsoft SQL Server\140\Tools\Binn\;C:\Program Files\Microsoft SQL Server\140\Tools\Binn\;C:\Program Files\Microsoft SQL Server\140\DTS\Binn\;C:\Program Files\nodejs\;C:\WINDOWS\System32\OpenSSH\;C:\Program Files (x86)\Microsoft SQL Server\Client SDK\ODBC\130\Tools\Binn\;C:\Program Files (x86)\Microsoft SQL Server\140\DTS\Binn\;C:\Program Files (x86)\Microsoft SQL Server\140\Tools\Binn\ManagementStudio\;C:\Program Files\Microsoft VS Code\bin;C:\Program Files\Intel\WiFi\bin\;C:\Program Files\Common Files\Intel\WirelessCommon\;C:\Users\Chow Jia Jun\AppData\Local\Programs\Python\Python36-32\Scripts\;C:\Users\Chow Jia Jun\AppData\Local\Programs\Python\Python36-32\;C:\Users\Chow Jia Jun\AppData\Local\Microsoft\WindowsApps;C:\Program Files\Microsoft VS Code\bin;C:\Users\Chow Jia Jun\AppData\Roaming\npm;C:\Users\Chow Jia Jun\AppData\Local\atom\bin;%USERPROFILE%\AppData\Local\Microsoft\WindowsApps;
USERNAME=Chow Jia Jun
OS=Windows_NT
PROCESSOR_IDENTIFIER=Intel64 Family 6 Model 142 Stepping 9, GenuineIntel



---------------  S Y S T E M  ---------------

OS: Windows 10.0 , 64 bit Build 17134 (10.0.17134.1)

CPU:total 4 (initial active 4) (2 cores per cpu, 2 threads per core) family 6 model 142 stepping 9, cmov, cx8, fxsr, mmx, sse, sse2, sse3, ssse3, sse4.1, sse4.2, popcnt, avx, avx2, aes, clmul, erms, 3dnowpref, lzcnt, ht, tsc, tscinvbit, bmi1, bmi2, adx

Memory: 4k page, physical 8266396k(1319580k free), swap 10363548k(6652k free)

vm_info: OpenJDK 64-Bit Server VM (25.152-b06) for windows-amd64 JRE (1.8.0_152-release-1136-b06), built by "builder" with MS VC++ 10.0 (VS2010)

time: Tue Nov 06 18:13:18 2018
elapsed time: 0 seconds (0d 0h 0m 0s)

