#
# There is insufficient memory for the Java Runtime Environment to continue.
# Native memory allocation (malloc) failed to allocate 40336 bytes for AllocateHeap
# Possible reasons:
#   The system is out of physical RAM or swap space
#   In 32 bit mode, the process size limit was hit
# Possible solutions:
#   Reduce memory load on the system
#   Increase physical memory or swap space
#   Check if swap backing store is full
#   Use 64 bit Java on a 64 bit OS
#   Decrease Java heap size (-Xmx/-Xms)
#   Decrease number of Java threads
#   Decrease Java thread stack sizes (-Xss)
#   Set larger code cache with -XX:ReservedCodeCacheSize=
# This output file may be truncated or incomplete.
#
#  Out of Memory Error (memory/allocation.inline.hpp:61), pid=10260, tid=0x0000000000001088
#
# JRE version: OpenJDK Runtime Environment (8.0_152-b06) (build 1.8.0_152-release-1136-b06)
# Java VM: OpenJDK 64-Bit Server VM (25.152-b06 mixed mode windows-amd64 compressed oops)
# Failed to write core dump. Minidumps are not enabled by default on client versions of Windows
#

---------------  T H R E A D  ---------------

Current thread (0x000000001634d000):  JavaThread "C1 CompilerThread2" daemon [_thread_in_vm, id=4232, stack(0x0000000017b90000,0x0000000017c90000)]

Stack: [0x0000000017b90000,0x0000000017c90000]
[error occurred during error reporting (printing stack bounds), id 0xc0000005]

Native frames: (J=compiled Java code, j=interpreted, Vv=VM code, C=native code)


Current CompileTask:
C1:   4329 1257   !   3       kotlin.reflect.jvm.internal.impl.metadata.ProtoBuf$Class::<init> (1949 bytes)


---------------  P R O C E S S  ---------------

Java Threads: ( => current thread )
  0x000000001851e800 JavaThread "RMI RenewClean-[127.0.0.1:51969,org.jetbrains.kotlin.daemon.common.LoopbackNetworkInterface$ClientLoopbackSocketFactory@3c5b153e]" daemon [_thread_blocked, id=8412, stack(0x0000000019910000,0x0000000019a10000)]
  0x000000001850a000 JavaThread "RMI TCP Connection(2)-127.0.0.1" daemon [_thread_in_vm, id=9288, stack(0x0000000019810000,0x0000000019910000)]
  0x00000000184d3800 JavaThread "RMI Scheduler(0)" daemon [_thread_blocked, id=5052, stack(0x0000000019710000,0x0000000019810000)]
  0x00000000184be800 JavaThread "RMI TCP Connection(1)-127.0.0.1" daemon [_thread_in_native, id=7548, stack(0x0000000019610000,0x0000000019710000)]
  0x00000000028d2800 JavaThread "DestroyJavaVM" [_thread_blocked, id=6612, stack(0x0000000002790000,0x0000000002890000)]
  0x0000000018452000 JavaThread "GC Daemon" daemon [_thread_blocked, id=10832, stack(0x00000000191d0000,0x00000000192d0000)]
  0x0000000018451000 JavaThread "RMI Reaper" [_thread_blocked, id=10876, stack(0x00000000190d0000,0x00000000191d0000)]
  0x0000000018444000 JavaThread "Timer-0" daemon [_thread_blocked, id=4936, stack(0x0000000018ed0000,0x0000000018fd0000)]
  0x000000001837c800 JavaThread "RMI TCP Accept-17436" daemon [_thread_in_native, id=6960, stack(0x0000000018dd0000,0x0000000018ed0000)]
  0x0000000017cb8800 JavaThread "Service Thread" daemon [_thread_blocked, id=8892, stack(0x0000000018090000,0x0000000018190000)]
=>0x000000001634d000 JavaThread "C1 CompilerThread2" daemon [_thread_in_vm, id=4232, stack(0x0000000017b90000,0x0000000017c90000)]
  0x0000000016343000 JavaThread "C2 CompilerThread1" daemon [_thread_blocked, id=6644, stack(0x0000000017a90000,0x0000000017b90000)]
  0x000000001633f000 JavaThread "C2 CompilerThread0" daemon [_thread_blocked, id=10884, stack(0x0000000017990000,0x0000000017a90000)]
  0x000000001633d000 JavaThread "Attach Listener" daemon [_thread_blocked, id=1996, stack(0x0000000017890000,0x0000000017990000)]
  0x000000001633b800 JavaThread "Signal Dispatcher" daemon [_thread_blocked, id=9804, stack(0x0000000017790000,0x0000000017890000)]
  0x0000000016328800 JavaThread "Finalizer" daemon [_thread_blocked, id=1164, stack(0x00000000175a0000,0x00000000176a0000)]
  0x00000000029c2800 JavaThread "Reference Handler" daemon [_thread_blocked, id=7396, stack(0x00000000174a0000,0x00000000175a0000)]

Other Threads:
  0x0000000016306000 VMThread [stack: 0x00000000173a0000,0x00000000174a0000] [id=8884]
  0x000000001639d000 WatcherThread [stack: 0x0000000018190000,0x0000000018290000] [id=2396]

VM state:not at safepoint (normal execution)

VM Mutex/Monitor currently owned by a thread:  ([mutex/lock_event])
[0x00000000028cd7c0] CodeCache_lock - owner thread: 0x000000001634d000
[0x00000000028d09d0] Compile_lock - owner thread: 0x000000001634d000
[0x00000000028d1750] MethodCompileQueue_lock - owner thread: 0x000000001634d000

Heap:
 PSYoungGen      total 38400K, used 6287K [0x00000000e0000000, 0x00000000e2a80000, 0x0000000100000000)
  eden space 33280K, 3% used [0x00000000e0000000,0x00000000e012b850,0x00000000e2080000)
  from space 5120K, 99% used [0x00000000e2580000,0x00000000e2a784f8,0x00000000e2a80000)
  to   space 5120K, 0% used [0x00000000e2080000,0x00000000e2080000,0x00000000e2580000)
 ParOldGen       total 87552K, used 5018K [0x00000000a0000000, 0x00000000a5580000, 0x00000000e0000000)
  object space 87552K, 5% used [0x00000000a0000000,0x00000000a04e68d8,0x00000000a5580000)
 Metaspace       used 14245K, capacity 14446K, committed 14592K, reserved 1062912K
  class space    used 1644K, capacity 1725K, committed 1792K, reserved 1048576K

Card table byte_map: [0x0000000011d90000,0x00000000120a0000] byte_map_base: 0x0000000011890000

Marking Bits: (ParMarkBitMap*) 0x00000000749a5aa0
 Begin Bits: [0x00000000126a0000, 0x0000000013ea0000)
 End Bits:   [0x0000000013ea0000, 0x00000000156a0000)

Polling page: 0x0000000000f10000

CodeCache: size=245760Kb used=4011Kb max_used=4011Kb free=241748Kb
 bounds [0x00000000029d0000, 0x0000000002dd0000, 0x00000000119d0000]
 total_blobs=1654 nmethods=1257 adapters=309
 compilation: enabled

Compilation events (10 events):
Event: 4.286 Thread 0x000000001634d000 nmethod 1252 0x0000000002d91590 code [0x0000000002d916e0, 0x0000000002d917d0]
Event: 4.290 Thread 0x0000000016343000 1253       4       kotlin.reflect.jvm.internal.impl.protobuf.ByteString$Output::<init> (42 bytes)
Event: 4.290 Thread 0x000000001633f000 1254  s    4       kotlin.reflect.jvm.internal.impl.protobuf.ByteString$Output::toByteString (12 bytes)
Event: 4.292 Thread 0x000000001633f000 nmethod 1254 0x0000000002d96a10 code [0x0000000002d96b60, 0x0000000002d96df8]
Event: 4.292 Thread 0x0000000016343000 nmethod 1253 0x0000000002d8e750 code [0x0000000002d8e8a0, 0x0000000002d8ea98]
Event: 4.292 Thread 0x000000001633f000 1255       4       kotlin.reflect.jvm.internal.impl.protobuf.ByteString$Output::flushLastBuffer (96 bytes)
Event: 4.294 Thread 0x000000001633f000 nmethod 1255 0x0000000002d8fdd0 code [0x0000000002d8ff00, 0x0000000002d8ffb8]
Event: 4.296 Thread 0x000000001634d000 1257   !   3       kotlin.reflect.jvm.internal.impl.metadata.ProtoBuf$Class::<init> (1949 bytes)
Event: 4.303 Thread 0x0000000016343000 1263       4       kotlin.reflect.jvm.internal.impl.protobuf.CodedInputStream::readRawVarint32 (233 bytes)
Event: 4.306 Thread 0x0000000016343000 nmethod 1263 0x0000000002d8f410 code [0x0000000002d8f560, 0x0000000002d8f7c8]

GC Heap History (6 events):
Event: 0.539 GC heap before
{Heap before GC invocations=1 (full 0):
 PSYoungGen      total 38400K, used 13601K [0x00000000e0000000, 0x00000000e2a80000, 0x0000000100000000)
  eden space 33280K, 40% used [0x00000000e0000000,0x00000000e0d48500,0x00000000e2080000)
  from space 5120K, 0% used [0x00000000e2580000,0x00000000e2580000,0x00000000e2a80000)
  to   space 5120K, 0% used [0x00000000e2080000,0x00000000e2080000,0x00000000e2580000)
 ParOldGen       total 87552K, used 0K [0x00000000a0000000, 0x00000000a5580000, 0x00000000e0000000)
  object space 87552K, 0% used [0x00000000a0000000,0x00000000a0000000,0x00000000a5580000)
 Metaspace       used 8977K, capacity 9106K, committed 9216K, reserved 1056768K
  class space    used 958K, capacity 1019K, committed 1024K, reserved 1048576K
Event: 0.543 GC heap after
Heap after GC invocations=1 (full 0):
 PSYoungGen      total 38400K, used 2890K [0x00000000e0000000, 0x00000000e2a80000, 0x0000000100000000)
  eden space 33280K, 0% used [0x00000000e0000000,0x00000000e0000000,0x00000000e2080000)
  from space 5120K, 56% used [0x00000000e2080000,0x00000000e2352800,0x00000000e2580000)
  to   space 5120K, 0% used [0x00000000e2580000,0x00000000e2580000,0x00000000e2a80000)
 ParOldGen       total 87552K, used 8K [0x00000000a0000000, 0x00000000a5580000, 0x00000000e0000000)
  object space 87552K, 0% used [0x00000000a0000000,0x00000000a0002000,0x00000000a5580000)
 Metaspace       used 8977K, capacity 9106K, committed 9216K, reserved 1056768K
  class space    used 958K, capacity 1019K, committed 1024K, reserved 1048576K
}
Event: 0.543 GC heap before
{Heap before GC invocations=2 (full 1):
 PSYoungGen      total 38400K, used 2890K [0x00000000e0000000, 0x00000000e2a80000, 0x0000000100000000)
  eden space 33280K, 0% used [0x00000000e0000000,0x00000000e0000000,0x00000000e2080000)
  from space 5120K, 56% used [0x00000000e2080000,0x00000000e2352800,0x00000000e2580000)
  to   space 5120K, 0% used [0x00000000e2580000,0x00000000e2580000,0x00000000e2a80000)
 ParOldGen       total 87552K, used 8K [0x00000000a0000000, 0x00000000a5580000, 0x00000000e0000000)
  object space 87552K, 0% used [0x00000000a0000000,0x00000000a0002000,0x00000000a5580000)
 Metaspace       used 8977K, capacity 9106K, committed 9216K, reserved 1056768K
  class space    used 958K, capacity 1019K, committed 1024K, reserved 1048576K
Event: 0.554 GC heap after
Heap after GC invocations=2 (full 1):
 PSYoungGen      total 38400K, used 0K [0x00000000e0000000, 0x00000000e2a80000, 0x0000000100000000)
  eden space 33280K, 0% used [0x00000000e0000000,0x00000000e0000000,0x00000000e2080000)
  from space 5120K, 0% used [0x00000000e2080000,0x00000000e2080000,0x00000000e2580000)
  to   space 5120K, 0% used [0x00000000e2580000,0x00000000e2580000,0x00000000e2a80000)
 ParOldGen       total 87552K, used 2674K [0x00000000a0000000, 0x00000000a5580000, 0x00000000e0000000)
  object space 87552K, 3% used [0x00000000a0000000,0x00000000a029cbc0,0x00000000a5580000)
 Metaspace       used 8977K, capacity 9106K, committed 9216K, reserved 1056768K
  class space    used 958K, capacity 1019K, committed 1024K, reserved 1048576K
}
Event: 4.276 GC heap before
{Heap before GC invocations=3 (full 1):
 PSYoungGen      total 38400K, used 33280K [0x00000000e0000000, 0x00000000e2a80000, 0x0000000100000000)
  eden space 33280K, 100% used [0x00000000e0000000,0x00000000e2080000,0x00000000e2080000)
  from space 5120K, 0% used [0x00000000e2080000,0x00000000e2080000,0x00000000e2580000)
  to   space 5120K, 0% used [0x00000000e2580000,0x00000000e2580000,0x00000000e2a80000)
 ParOldGen       total 87552K, used 2674K [0x00000000a0000000, 0x00000000a5580000, 0x00000000e0000000)
  object space 87552K, 3% used [0x00000000a0000000,0x00000000a029cbc0,0x00000000a5580000)
 Metaspace       used 14095K, capacity 14318K, committed 14592K, reserved 1062912K
  class space    used 1625K, capacity 1725K, committed 1792K, reserved 1048576K
Event: 4.285 GC heap after
Heap after GC invocations=3 (full 1):
 PSYoungGen      total 38400K, used 5089K [0x00000000e0000000, 0x00000000e2a80000, 0x0000000100000000)
  eden space 33280K, 0% used [0x00000000e0000000,0x00000000e0000000,0x00000000e2080000)
  from space 5120K, 99% used [0x00000000e2580000,0x00000000e2a784f8,0x00000000e2a80000)
  to   space 5120K, 0% used [0x00000000e2080000,0x00000000e2080000,0x00000000e2580000)
 ParOldGen       total 87552K, used 5018K [0x00000000a0000000, 0x00000000a5580000, 0x00000000e0000000)
  object space 87552K, 5% used [0x00000000a0000000,0x00000000a04e68d8,0x00000000a5580000)
 Metaspace       used 14095K, capacity 14318K, committed 14592K, reserved 1062912K
  class space    used 1625K, capacity 1725K, committed 1792K, reserved 1048576K
}

Deoptimization events (10 events):
Event: 0.755 Thread 0x00000000184be800 Uncommon trap: reason=unstable_if action=reinterpret pc=0x0000000002c10a68 method=java.security.DigestInputStream.read([BII)I @ 22
Event: 3.647 Thread 0x000000001850a000 Uncommon trap: reason=unstable_if action=reinterpret pc=0x0000000002c0b610 method=sun.security.provider.DigestBase.engineUpdate([BII)V @ 35
Event: 3.647 Thread 0x000000001850a000 Uncommon trap: reason=unstable_if action=reinterpret pc=0x0000000002c0c45c method=sun.security.provider.DigestBase.engineUpdate([BII)V @ 35
Event: 3.952 Thread 0x000000001850a000 Uncommon trap: reason=unstable_if action=reinterpret pc=0x0000000002c9c148 method=kotlin.reflect.jvm.internal.impl.protobuf.CodedInputStream.readRawVarint32()I @ 10
Event: 4.064 Thread 0x000000001850a000 Uncommon trap: reason=class_check action=maybe_recompile pc=0x0000000002ca9228 method=kotlin.reflect.jvm.internal.impl.protobuf.CodedInputStream.tryRefillBuffer(I)Z @ 175
Event: 4.068 Thread 0x000000001850a000 Uncommon trap: reason=class_check action=maybe_recompile pc=0x0000000002ca9228 method=kotlin.reflect.jvm.internal.impl.protobuf.CodedInputStream.tryRefillBuffer(I)Z @ 175
Event: 4.068 Thread 0x000000001850a000 Uncommon trap: reason=class_check action=maybe_recompile pc=0x0000000002ca9228 method=kotlin.reflect.jvm.internal.impl.protobuf.CodedInputStream.tryRefillBuffer(I)Z @ 175
Event: 4.069 Thread 0x000000001850a000 Uncommon trap: reason=unstable_if action=reinterpret pc=0x0000000002cc4694 method=kotlin.reflect.jvm.internal.impl.protobuf.CodedInputStream.readRawVarint32()I @ 69
Event: 4.070 Thread 0x000000001850a000 Uncommon trap: reason=unstable_if action=reinterpret pc=0x0000000002cc5b94 method=kotlin.reflect.jvm.internal.impl.protobuf.CodedInputStream.readRawVarint32()I @ 69
Event: 4.072 Thread 0x000000001850a000 Uncommon trap: reason=class_check action=maybe_recompile pc=0x0000000002ca9228 method=kotlin.reflect.jvm.internal.impl.protobuf.CodedInputStream.tryRefillBuffer(I)Z @ 175

Classes redefined (0 events):
No events

Internal exceptions (10 events):
Event: 3.619 Thread 0x0000000018444000 Exception <a 'java/net/ConnectException': Connection refused: connect> (0x00000000e0211718) thrown at [D:\src\AOSP-openjdk-cygwin\jdk8u\hotspot\src\share\vm\prims\jni.cpp, line 735]
Event: 3.636 Thread 0x00000000184be800 Exception <a 'java/lang/NoSuchMethodError': <clinit>> (0x00000000e04591d8) thrown at [D:\src\AOSP-openjdk-cygwin\jdk8u\hotspot\src\share\vm\prims\jni.cpp, line 1613]
Event: 3.648 Thread 0x000000001850a000 Exception <a 'java/lang/NoSuchMethodError': <clinit>> (0x00000000e04ec3d8) thrown at [D:\src\AOSP-openjdk-cygwin\jdk8u\hotspot\src\share\vm\prims\jni.cpp, line 1613]
Event: 3.655 Thread 0x000000001850a000 Exception <a 'java/lang/NoSuchMethodError': <clinit>> (0x00000000e0501728) thrown at [D:\src\AOSP-openjdk-cygwin\jdk8u\hotspot\src\share\vm\prims\jni.cpp, line 1613]
Event: 3.656 Thread 0x000000001850a000 Exception <a 'java/lang/NoSuchMethodError': <clinit>> (0x00000000e05033e0) thrown at [D:\src\AOSP-openjdk-cygwin\jdk8u\hotspot\src\share\vm\prims\jni.cpp, line 1613]
Event: 3.656 Thread 0x000000001850a000 Exception <a 'java/lang/NoSuchMethodError': <clinit>> (0x00000000e050dda0) thrown at [D:\src\AOSP-openjdk-cygwin\jdk8u\hotspot\src\share\vm\prims\jni.cpp, line 1613]
Event: 3.666 Thread 0x000000001850a000 Exception <a 'java/lang/NoSuchMethodError': <clinit>> (0x00000000e0538da8) thrown at [D:\src\AOSP-openjdk-cygwin\jdk8u\hotspot\src\share\vm\prims\jni.cpp, line 1613]
Event: 3.711 Thread 0x000000001850a000 Exception <a 'java/lang/NoSuchMethodError': <clinit>> (0x00000000e06f3428) thrown at [D:\src\AOSP-openjdk-cygwin\jdk8u\hotspot\src\share\vm\prims\jni.cpp, line 1613]
Event: 4.129 Thread 0x000000001850a000 Exception <a 'java/lang/ArrayIndexOutOfBoundsException'> (0x00000000e1b40c98) thrown at [D:\src\AOSP-openjdk-cygwin\jdk8u\hotspot\src\share\vm\runtime\sharedRuntime.cpp, line 605]
Event: 4.312 Thread 0x000000001850a000 Exception <a 'java/lang/ArrayIndexOutOfBoundsException'> (0x00000000e00e58a0) thrown at [D:\src\AOSP-openjdk-cygwin\jdk8u\hotspot\src\share\vm\runtime\sharedRuntime.cpp, line 605]

Events (10 events):
Event: 4.313 loading class kotlin/reflect/jvm/internal/impl/load/java/structure/JavaTypeParameter
Event: 4.313 loading class kotlin/reflect/jvm/internal/impl/load/java/structure/JavaTypeParameter done
Event: 4.314 loading class kotlin/reflect/jvm/internal/impl/load/java/lazy/descriptors/LazyJavaTypeParameterDescriptor
Event: 4.314 loading class kotlin/reflect/jvm/internal/impl/load/java/lazy/descriptors/LazyJavaTypeParameterDescriptor done
Event: 4.316 loading class kotlin/reflect/jvm/internal/impl/descriptors/impl/ReceiverParameterDescriptorImpl
Event: 4.316 loading class kotlin/reflect/jvm/internal/impl/descriptors/impl/ReceiverParameterDescriptorImpl done
Event: 4.317 loading class kotlin/reflect/jvm/internal/impl/resolve/scopes/receivers/ExtensionReceiver
Event: 4.317 loading class kotlin/reflect/jvm/internal/impl/resolve/scopes/receivers/ExtensionReceiver done
Event: 4.317 loading class kotlin/reflect/jvm/internal/impl/resolve/scopes/receivers/AbstractReceiverValue
Event: 4.317 loading class kotlin/reflect/jvm/internal/impl/resolve/scopes/receivers/AbstractReceiverValue done


Dynamic libraries:
0x00007ff7e6a30000 - 0x00007ff7e6a61000 	D:\AndroidStudio\jre\jre\bin\java.exe
0x00007ffe72810000 - 0x00007ffe729f1000 	C:\WINDOWS\SYSTEM32\ntdll.dll
0x00007ffe706e0000 - 0x00007ffe70792000 	C:\WINDOWS\System32\KERNEL32.DLL
0x00007ffe6ebe0000 - 0x00007ffe6ee53000 	C:\WINDOWS\System32\KERNELBASE.dll
0x00007ffe6ffc0000 - 0x00007ffe70061000 	C:\WINDOWS\System32\ADVAPI32.dll
0x00007ffe72130000 - 0x00007ffe721ce000 	C:\WINDOWS\System32\msvcrt.dll
0x00007ffe72780000 - 0x00007ffe727db000 	C:\WINDOWS\System32\sechost.dll
0x00007ffe6fe50000 - 0x00007ffe6ff74000 	C:\WINDOWS\System32\RPCRT4.dll
0x00007ffe70a50000 - 0x00007ffe70be0000 	C:\WINDOWS\System32\USER32.dll
0x00007ffe6f760000 - 0x00007ffe6f780000 	C:\WINDOWS\System32\win32u.dll
0x00007ffe6fca0000 - 0x00007ffe6fcc8000 	C:\WINDOWS\System32\GDI32.dll
0x00007ffe6faa0000 - 0x00007ffe6fc32000 	C:\WINDOWS\System32\gdi32full.dll
0x00007ffe6fa00000 - 0x00007ffe6fa9f000 	C:\WINDOWS\System32\msvcp_win.dll
0x00007ffe6f8b0000 - 0x00007ffe6f9aa000 	C:\WINDOWS\System32\ucrtbase.dll
0x00007ffe5daf0000 - 0x00007ffe5dd59000 	C:\WINDOWS\WinSxS\amd64_microsoft.windows.common-controls_6595b64144ccf1df_6.0.17134.345_none_fb429a5930656358\COMCTL32.dll
0x00007ffe703b0000 - 0x00007ffe706d3000 	C:\WINDOWS\System32\combase.dll
0x00007ffe6f830000 - 0x00007ffe6f8aa000 	C:\WINDOWS\System32\bcryptPrimitives.dll
0x00007ffe6ff90000 - 0x00007ffe6ffbd000 	C:\WINDOWS\System32\IMM32.DLL
0x0000000074100000 - 0x00000000741d2000 	D:\AndroidStudio\jre\jre\bin\msvcr100.dll
0x00000000741e0000 - 0x0000000074a21000 	D:\AndroidStudio\jre\jre\bin\server\jvm.dll
0x00007ffe6fcd0000 - 0x00007ffe6fcd8000 	C:\WINDOWS\System32\PSAPI.DLL
0x00007ffe6b320000 - 0x00007ffe6b343000 	C:\WINDOWS\SYSTEM32\WINMM.dll
0x00007ffe6cfa0000 - 0x00007ffe6cfa9000 	C:\WINDOWS\SYSTEM32\WSOCK32.dll
0x00007ffe70be0000 - 0x00007ffe70c4c000 	C:\WINDOWS\System32\WS2_32.dll
0x00007ffe608f0000 - 0x00007ffe608fa000 	C:\WINDOWS\SYSTEM32\VERSION.dll
0x00007ffe6b2f0000 - 0x00007ffe6b31a000 	C:\WINDOWS\SYSTEM32\WINMMBASE.dll
0x00007ffe6f9b0000 - 0x00007ffe6f9f9000 	C:\WINDOWS\System32\cfgmgr32.dll
0x00007ffe6a290000 - 0x00007ffe6a29f000 	D:\AndroidStudio\jre\jre\bin\verify.dll
0x00007ffe431f0000 - 0x00007ffe43219000 	D:\AndroidStudio\jre\jre\bin\java.dll
0x00007ffe6a1a0000 - 0x00007ffe6a1b6000 	D:\AndroidStudio\jre\jre\bin\zip.dll
0x00007ffe70cd0000 - 0x00007ffe7210f000 	C:\WINDOWS\System32\SHELL32.dll
0x00007ffe707a0000 - 0x00007ffe70849000 	C:\WINDOWS\System32\shcore.dll
0x00007ffe6ee60000 - 0x00007ffe6f56d000 	C:\WINDOWS\System32\windows.storage.dll
0x00007ffe72720000 - 0x00007ffe72771000 	C:\WINDOWS\System32\shlwapi.dll
0x00007ffe6eb30000 - 0x00007ffe6eb41000 	C:\WINDOWS\System32\kernel.appcore.dll
0x00007ffe6eba0000 - 0x00007ffe6ebbf000 	C:\WINDOWS\System32\profapi.dll
0x00007ffe6eb50000 - 0x00007ffe6eb9c000 	C:\WINDOWS\System32\powrprof.dll
0x00007ffe6eb20000 - 0x00007ffe6eb2a000 	C:\WINDOWS\System32\FLTLIB.DLL
0x00007ffe6a040000 - 0x00007ffe6a04d000 	D:\AndroidStudio\jre\jre\bin\management.dll
0x00007ffe69630000 - 0x00007ffe6964a000 	D:\AndroidStudio\jre\jre\bin\net.dll
0x00007ffe6e3a0000 - 0x00007ffe6e406000 	C:\WINDOWS\system32\mswsock.dll
0x00007ffe695e0000 - 0x00007ffe695f1000 	D:\AndroidStudio\jre\jre\bin\nio.dll
0x00007ffe6e560000 - 0x00007ffe6e577000 	C:\WINDOWS\SYSTEM32\CRYPTSP.dll
0x00007ffe6df80000 - 0x00007ffe6dfb3000 	C:\WINDOWS\system32\rsaenh.dll
0x00007ffe6e680000 - 0x00007ffe6e6a5000 	C:\WINDOWS\SYSTEM32\bcrypt.dll
0x00007ffe6ea20000 - 0x00007ffe6ea48000 	C:\WINDOWS\SYSTEM32\USERENV.dll
0x00007ffe6e550000 - 0x00007ffe6e55b000 	C:\WINDOWS\SYSTEM32\CRYPTBASE.dll
0x00007ffe6e120000 - 0x00007ffe6e158000 	C:\WINDOWS\SYSTEM32\IPHLPAPI.DLL
0x00007ffe6ff80000 - 0x00007ffe6ff88000 	C:\WINDOWS\System32\NSI.dll
0x00007ffe683a0000 - 0x00007ffe683b6000 	C:\WINDOWS\SYSTEM32\dhcpcsvc6.DLL
0x00007ffe684f0000 - 0x00007ffe6850a000 	C:\WINDOWS\SYSTEM32\dhcpcsvc.DLL

VM Arguments:
jvm_args: -Djava.awt.headless=true -Djava.rmi.server.hostname=127.0.0.1 -Xmx1536m -Dkotlin.environment.keepalive 
java_command: org.jetbrains.kotlin.daemon.KotlinCompileDaemon --daemon-runFilesPath C:\Users\Chow Jia Jun\AppData\Local\kotlin\daemon --daemon-autoshutdownIdleSeconds=7200 --daemon-compilerClasspath C:\Users\Chow Jia Jun\.gradle\caches\modules-2\files-2.1\org.jetbrains.kotlin\kotlin-compiler-embeddable\1.3.0\6e8167f9aab0f6cfec309c2722f72dc26572a782\kotlin-compiler-embeddable-1.3.0.jar;C:\Users\Chow Jia Jun\.gradle\caches\modules-2\files-2.1\org.jetbrains.kotlin\kotlin-reflect\1.3.0\6fd129fd9ba8581f2cb9c58bfd431dda4ee0457e\kotlin-reflect-1.3.0.jar;C:\Users\Chow Jia Jun\.gradle\caches\modules-2\files-2.1\org.jetbrains.kotlin\kotlin-stdlib\1.3.0\a134b0cfe9bb44f98b0b3e889cda07923eea9428\kotlin-stdlib-1.3.0.jar;C:\Users\Chow Jia Jun\.gradle\caches\modules-2\files-2.1\org.jetbrains.kotlin\kotlin-script-runtime\1.3.0\c7173ea6208fa189fb56d679624fbc5e2026187f\kotlin-script-runtime-1.3.0.jar;C:\Users\Chow Jia Jun\.gradle\caches\modules-2\files-2.1\org.jetbrains.kotlin\kotlin-stdlib-common\1.3.0\84a2e0288dc17cd64d692eb1e5e0de8cd5ff0846\kotlin-stdlib-common-1.3.0.jar;C:\Users\Chow Jia Jun\.gradle\caches\modules-2\files-2.1\org.jetbrains\annotations\13.0\919f0dfe192fb4e063e7dacadee7f8bb9a2672a9\annotations-13.0.jar;D:\AndroidStudio\jre\lib\tools.jar
java_class_path (initial): C:\Users\Chow Jia Jun\.gradle\caches\modules-2\files-2.1\org.jetbrains.kotlin\kotlin-compiler-embeddable\1.3.0\6e8167f9aab0f6cfec309c2722f72dc26572a782\kotlin-compiler-embeddable-1.3.0.jar;C:\Users\Chow Jia Jun\.gradle\caches\modules-2\files-2.1\org.jetbrains.kotlin\kotlin-reflect\1.3.0\6fd129fd9ba8581f2cb9c58bfd431dda4ee0457e\kotlin-reflect-1.3.0.jar;C:\Users\Chow Jia Jun\.gradle\caches\modules-2\files-2.1\org.jetbrains.kotlin\kotlin-stdlib\1.3.0\a134b0cfe9bb44f98b0b3e889cda07923eea9428\kotlin-stdlib-1.3.0.jar;C:\Users\Chow Jia Jun\.gradle\caches\modules-2\files-2.1\org.jetbrains.kotlin\kotlin-script-runtime\1.3.0\c7173ea6208fa189fb56d679624fbc5e2026187f\kotlin-script-runtime-1.3.0.jar;C:\Users\Chow Jia Jun\.gradle\caches\modules-2\files-2.1\org.jetbrains.kotlin\kotlin-stdlib-common\1.3.0\84a2e0288dc17cd64d692eb1e5e0de8cd5ff0846\kotlin-stdlib-common-1.3.0.jar;C:\Users\Chow Jia Jun\.gradle\caches\modules-2\files-2.1\org.jetbrains\annotations\13.0\919f0dfe192fb4e063e7dacadee7f8bb9a2672a9\annotations-13.0.jar;D:\AndroidStudio\jre\lib\tools.jar
Launcher Type: SUN_STANDARD

Environment Variables:
PATH=C:\Program Files (x86)\Common Files\Oracle\Java\javapath;C:\Program Files (x86)\NVIDIA Corporation\PhysX\Common;C:\Program Files (x86)\Razer Chroma SDK\bin;C:\Program Files\Razer Chroma SDK\bin;C:\WINDOWS\system32;C:\WINDOWS;C:\WINDOWS\System32\Wbem;C:\WINDOWS\System32\WindowsPowerShell\v1.0\;C:\Program Files\Microsoft SQL Server\130\Tools\Binn\;C:\Program Files\dotnet\;C:\Users\Chow Jia Jun\AppData\Local\Programs\Python\Python36-32\Scripts\;C:\Users\Chow Jia Jun\AppData\Local\Programs\Python\Python36-32\;C:\Users\Chow Jia Jun\AppData\Local\Microsoft\WindowsApps;C:\WINDOWS\system32;C:\WINDOWS;C:\WINDOWS\System32\Wbem;C:\WINDOWS\System32\WindowsPowerShell\v1.0\;C:\Program Files\Microsoft SQL Server\Client SDK\ODBC\130\Tools\Binn\;C:\Program Files (x86)\Microsoft SQL Server\140\Tools\Binn\;C:\Program Files\Microsoft SQL Server\140\Tools\Binn\;C:\Program Files\Microsoft SQL Server\140\DTS\Binn\;C:\Program Files\nodejs\;C:\WINDOWS\System32\OpenSSH\;C:\Program Files (x86)\Microsoft SQL Server\Client SDK\ODBC\130\Tools\Binn\;C:\Program Files (x86)\Microsoft SQL Server\140\DTS\Binn\;C:\Program Files (x86)\Microsoft SQL Server\140\Tools\Binn\ManagementStudio\;C:\Program Files\Microsoft VS Code\bin;C:\Program Files\Intel\WiFi\bin\;C:\Program Files\Common Files\Intel\WirelessCommon\;C:\Users\Chow Jia Jun\AppData\Local\Programs\Python\Python36-32\Scripts\;C:\Users\Chow Jia Jun\AppData\Local\Programs\Python\Python36-32\;C:\Users\Chow Jia Jun\AppData\Local\Microsoft\WindowsApps;C:\Program Files\Microsoft VS Code\bin;C:\Users\Chow Jia Jun\AppData\Roaming\npm;C:\Users\Chow Jia Jun\AppData\Local\atom\bin;%USERPROFILE%\AppData\Local\Microsoft\WindowsApps;
USERNAME=Chow Jia Jun
OS=Windows_NT
PROCESSOR_IDENTIFIER=Intel64 Family 6 Model 142 Stepping 9, GenuineIntel



---------------  S Y S T E M  ---------------

OS: Windows 10.0 , 64 bit Build 17134 (10.0.17134.1)

CPU:total 4 (initial active 4) (2 cores per cpu, 2 threads per core) family 6 model 142 stepping 9, cmov, cx8, fxsr, mmx, sse, sse2, sse3, ssse3, sse4.1, sse4.2, popcnt, avx, avx2, aes, clmul, erms, 3dnowpref, lzcnt, ht, tsc, tscinvbit, bmi1, bmi2, adx

Memory: 4k page, physical 8266396k(1258356k free), swap 10363548k(3144k free)

vm_info: OpenJDK 64-Bit Server VM (25.152-b06) for windows-amd64 JRE (1.8.0_152-release-1136-b06), built by "builder" with MS VC++ 10.0 (VS2010)

time: Tue Nov 06 18:13:15 2018
elapsed time: 4 seconds (0d 0h 0m 4s)

