#
# There is insufficient memory for the Java Runtime Environment to continue.
# Native memory allocation (malloc) failed to allocate 785776 bytes for Chunk::new
# Possible reasons:
#   The system is out of physical RAM or swap space
#   In 32 bit mode, the process size limit was hit
# Possible solutions:
#   Reduce memory load on the system
#   Increase physical memory or swap space
#   Check if swap backing store is full
#   Use 64 bit Java on a 64 bit OS
#   Decrease Java heap size (-Xmx/-Xms)
#   Decrease number of Java threads
#   Decrease Java thread stack sizes (-Xss)
#   Set larger code cache with -XX:ReservedCodeCacheSize=
# This output file may be truncated or incomplete.
#
#  Out of Memory Error (allocation.cpp:390), pid=6212, tid=0x0000000000001ac4
#
# JRE version: OpenJDK Runtime Environment (8.0_152-b06) (build 1.8.0_152-release-1136-b06)
# Java VM: OpenJDK 64-Bit Server VM (25.152-b06 mixed mode windows-amd64 compressed oops)
# Failed to write core dump. Minidumps are not enabled by default on client versions of Windows
#

---------------  T H R E A D  ---------------

Current thread (0x0000000016cb3000):  JavaThread "C2 CompilerThread1" daemon [_thread_in_native, id=6852, stack(0x00000000183f0000,0x00000000184f0000)]

Stack: [0x00000000183f0000,0x00000000184f0000]
[error occurred during error reporting (printing stack bounds), id 0xc0000005]

Native frames: (J=compiled Java code, j=interpreted, Vv=VM code, C=native code)


Current CompileTask:
C2:6413615 37681       4       org.gradle.api.internal.tasks.properties.DefaultPropertyMetadataStore$3::visitType (236 bytes)


---------------  P R O C E S S  ---------------

Java Threads: ( => current thread )
  0x000000001fdce800 JavaThread "Task worker for ':' Thread 3" [_thread_blocked, id=8876, stack(0x00000000522f0000,0x00000000523f0000)]
  0x000000001fdcb800 JavaThread "Task worker for ':' Thread 2" [_thread_blocked, id=6200, stack(0x00000000521f0000,0x00000000522f0000)]
  0x000000002d426800 JavaThread "Task worker for ':'" [_thread_in_native, id=10212, stack(0x00000000520f0000,0x00000000521f0000)]
  0x000000002d424800 JavaThread "Cache worker for Build Output Cleanup Cache (C:\Users\Chow Jia Jun\AndroidStudioProjects\MovieRater\.gradle\buildOutputCleanup)" [_thread_blocked, id=3116, stack(0x0000000051ff0000,0x00000000520f0000)]
  0x000000002d423800 JavaThread "Cache worker for task history cache (C:\Users\Chow Jia Jun\AndroidStudioProjects\MovieRater\.gradle\4.6\taskHistory)" [_thread_blocked, id=1068, stack(0x0000000051ef0000,0x0000000051ff0000)]
  0x000000002d423000 JavaThread "Cache worker for file content cache (C:\Users\Chow Jia Jun\AndroidStudioProjects\MovieRater\.gradle\4.6\fileContent)" [_thread_blocked, id=9392, stack(0x0000000051df0000,0x0000000051ef0000)]
  0x000000002d420800 JavaThread "Build operations Thread 4" [_thread_blocked, id=8208, stack(0x0000000051cf0000,0x0000000051df0000)]
  0x000000002d427800 JavaThread "Build operations Thread 3" [_thread_blocked, id=7192, stack(0x0000000051bf0000,0x0000000051cf0000)]
  0x000000002d422000 JavaThread "Build operations Thread 2" [_thread_blocked, id=3368, stack(0x0000000051af0000,0x0000000051bf0000)]
  0x000000002d426000 JavaThread "Build operations" [_thread_blocked, id=10884, stack(0x00000000519f0000,0x0000000051af0000)]
  0x000000002d421800 JavaThread "Cache worker for Artifact transforms cache (C:\Users\Chow Jia Jun\.gradle\caches\transforms-1)" [_thread_blocked, id=1380, stack(0x00000000518f0000,0x00000000519f0000)]
  0x000000002d425000 JavaThread "Cache worker for file hash cache (C:\Users\Chow Jia Jun\AndroidStudioProjects\MovieRater\.gradle\4.6\fileHashes)" [_thread_blocked, id=11232, stack(0x00000000517f0000,0x00000000518f0000)]
  0x000000002d419000 JavaThread "Stdin handler" [_thread_blocked, id=9284, stack(0x00000000516f0000,0x00000000517f0000)]
  0x000000002d41d000 JavaThread "Asynchronous log dispatcher for DefaultDaemonConnection: socket connection from /127.0.0.1:50870 to /127.0.0.1:53275" [_thread_blocked, id=2364, stack(0x00000000515f0000,0x00000000516f0000)]
  0x000000002d41a800 JavaThread "Daemon worker Thread 13" [_thread_blocked, id=10764, stack(0x00000000514f0000,0x00000000515f0000)]
  0x000000002d41b800 JavaThread "Cancel handler" [_thread_blocked, id=11188, stack(0x00000000513f0000,0x00000000514f0000)]
  0x000000002d418800 JavaThread "Handler for socket connection from /127.0.0.1:50870 to /127.0.0.1:53275" [_thread_in_native, id=2968, stack(0x00000000512f0000,0x00000000513f0000)]
  0x000000002d41f000 JavaThread "Daemon Thread 13" [_thread_blocked, id=4924, stack(0x00000000511f0000,0x00000000512f0000)]
  0x000000001b558800 JavaThread "RMI TCP Accept-0" daemon [_thread_in_native, id=6536, stack(0x00000000495f0000,0x00000000496f0000)]
  0x000000001b549800 JavaThread "pool-51-thread-1" [_thread_blocked, id=9068, stack(0x000000003cbf0000,0x000000003ccf0000)]
  0x000000001b552000 JavaThread "RMI Reaper" [_thread_blocked, id=4576, stack(0x000000002b6f0000,0x000000002b7f0000)]
  0x000000001b54b000 JavaThread "RMI TCP Accept-0" daemon [_thread_in_native, id=10572, stack(0x000000002b5f0000,0x000000002b6f0000)]
  0x000000001b54a800 JavaThread "GC Daemon" daemon [_thread_blocked, id=11036, stack(0x000000002b4f0000,0x000000002b5f0000)]
  0x000000001b54e000 JavaThread "RMI Scheduler(0)" daemon [_thread_blocked, id=10864, stack(0x000000002b2f0000,0x000000002b3f0000)]
  0x000000001d4df800 JavaThread "MarlinRenderer Disposer" daemon [_thread_blocked, id=7468, stack(0x0000000025bf0000,0x0000000025cf0000)]
  0x000000001d4e1000 JavaThread "Java2D Disposer" daemon [_thread_blocked, id=6172, stack(0x0000000025af0000,0x0000000025bf0000)]
  0x000000001d1c3800 JavaThread "pool-1-thread-1" [_thread_blocked, id=7588, stack(0x00000000242f0000,0x00000000243f0000)]
  0x000000001d4e2800 JavaThread "Memory manager" [_thread_blocked, id=9056, stack(0x0000000021420000,0x0000000021520000)]
  0x0000000019f93800 JavaThread "File lock request listener" [_thread_in_native, id=5436, stack(0x000000001c710000,0x000000001c810000)]
  0x000000001a253000 JavaThread "Cache worker for file hash cache (C:\Users\Chow Jia Jun\.gradle\caches\4.6\fileHashes)" [_thread_blocked, id=10008, stack(0x000000001c610000,0x000000001c710000)]
  0x0000000019cbf000 JavaThread "Daemon periodic checks" [_thread_blocked, id=10604, stack(0x000000001ab40000,0x000000001ac40000)]
  0x000000001994c800 JavaThread "Incoming local TCP Connector on port 50870" [_thread_in_native, id=7648, stack(0x000000001a900000,0x000000001aa00000)]
  0x0000000018610800 JavaThread "Service Thread" daemon [_thread_blocked, id=10800, stack(0x00000000189f0000,0x0000000018af0000)]
  0x0000000016cb9000 JavaThread "C1 CompilerThread2" daemon [_thread_blocked, id=5772, stack(0x00000000184f0000,0x00000000185f0000)]
=>0x0000000016cb3000 JavaThread "C2 CompilerThread1" daemon [_thread_in_native, id=6852, stack(0x00000000183f0000,0x00000000184f0000)]
  0x0000000016cae000 JavaThread "C2 CompilerThread0" daemon [_thread_blocked, id=9764, stack(0x00000000182f0000,0x00000000183f0000)]
  0x0000000016cac800 JavaThread "Attach Listener" daemon [_thread_blocked, id=9444, stack(0x00000000181f0000,0x00000000182f0000)]
  0x0000000016cab800 JavaThread "Signal Dispatcher" daemon [_thread_blocked, id=4136, stack(0x00000000180f0000,0x00000000181f0000)]
  0x000000000326b000 JavaThread "Finalizer" daemon [_thread_blocked, id=8032, stack(0x0000000017f00000,0x0000000018000000)]
  0x0000000003262000 JavaThread "Reference Handler" daemon [_thread_blocked, id=6880, stack(0x0000000017e00000,0x0000000017f00000)]
  0x000000000333e000 JavaThread "main" [_thread_blocked, id=9584, stack(0x0000000002fa0000,0x00000000030a0000)]

Other Threads:
  0x0000000016c75800 VMThread [stack: 0x0000000017d00000,0x0000000017e00000] [id=7060]
  0x0000000016d0e000 WatcherThread [stack: 0x0000000018af0000,0x0000000018bf0000] [id=10772]

VM state:not at safepoint (normal execution)

VM Mutex/Monitor currently owned by a thread: None

Heap:
 PSYoungGen      total 477184K, used 226082K [0x00000000e0000000, 0x00000000fff00000, 0x0000000100000000)
  eden space 432128K, 50% used [0x00000000e0000000,0x00000000ed5deea0,0x00000000fa600000)
  from space 45056K, 15% used [0x00000000fd200000,0x00000000fd8e9c68,0x00000000ffe00000)
  to   space 45056K, 0% used [0x00000000fa600000,0x00000000fa600000,0x00000000fd200000)
 ParOldGen       total 192000K, used 68695K [0x00000000a0000000, 0x00000000abb80000, 0x00000000e0000000)
  object space 192000K, 35% used [0x00000000a0000000,0x00000000a4315e88,0x00000000abb80000)
 Metaspace       used 143023K, capacity 150776K, committed 151808K, reserved 1181696K
  class space    used 17570K, capacity 19046K, committed 19200K, reserved 1048576K

Card table byte_map: [0x0000000012700000,0x0000000012a10000] byte_map_base: 0x0000000012200000

Marking Bits: (ParMarkBitMap*) 0x00000000749a5aa0
 Begin Bits: [0x0000000013010000, 0x0000000014810000)
 End Bits:   [0x0000000014810000, 0x0000000016010000)

Polling page: 0x0000000001630000

CodeCache: size=245760Kb used=97522Kb max_used=98417Kb free=148237Kb
 bounds [0x0000000003340000, 0x00000000093f0000, 0x0000000012340000]
 total_blobs=29487 nmethods=28451 adapters=945
 compilation: enabled

Compilation events (10 events):
Event: 6412.394 Thread 0x0000000016cb9000 37686       3       org.gradle.cache.internal.DefaultCacheRepository$PersistentCacheBuilder::open (82 bytes)
Event: 6412.395 Thread 0x0000000016cae000 37684       4       com.google.common.collect.Maps::capacity (31 bytes)
Event: 6412.395 Thread 0x0000000016cb9000 nmethod 37686 0x000000000411d590 code [0x000000000411d720, 0x000000000411da58]
Event: 6412.396 Thread 0x0000000016cae000 nmethod 37684 0x00000000045a1b90 code [0x00000000045a1cc0, 0x00000000045a1d58]
Event: 6412.398 Thread 0x0000000016cb9000 37687   !   3       org.gradle.cache.internal.DefaultCacheFactory::open (54 bytes)
Event: 6412.399 Thread 0x0000000016cb9000 nmethod 37687 0x0000000008cf7dd0 code [0x0000000008cf7f60, 0x0000000008cf83d8]
Event: 6412.401 Thread 0x0000000016cb9000 37688       3       org.gradle.cache.internal.DefaultPersistentDirectoryStore::<init> (136 bytes)
Event: 6412.403 Thread 0x0000000016cb9000 nmethod 37688 0x0000000004868950 code [0x0000000004868c80, 0x000000000486a678]
Event: 6412.410 Thread 0x0000000016cb9000 37689       1       com.sun.org.apache.xerces.internal.dom.TextImpl::getNodeName (3 bytes)
Event: 6412.411 Thread 0x0000000016cb9000 nmethod 37689 0x00000000034615d0 code [0x0000000003461720, 0x0000000003461830]

GC Heap History (10 events):
Event: 5940.977 GC heap before
{Heap before GC invocations=59 (full 5):
 PSYoungGen      total 462848K, used 462526K [0x00000000e0000000, 0x0000000100000000, 0x0000000100000000)
  eden space 430592K, 100% used [0x00000000e0000000,0x00000000fa480000,0x00000000fa480000)
  from space 32256K, 99% used [0x00000000fa480000,0x00000000fc3af970,0x00000000fc400000)
  to   space 48640K, 0% used [0x00000000fd080000,0x00000000fd080000,0x0000000100000000)
 ParOldGen       total 192000K, used 49039K [0x00000000a0000000, 0x00000000abb80000, 0x00000000e0000000)
  object space 192000K, 25% used [0x00000000a0000000,0x00000000a2fe3cd8,0x00000000abb80000)
 Metaspace       used 140646K, capacity 147742K, committed 149888K, reserved 1179648K
  class space    used 17284K, capacity 18665K, committed 19072K, reserved 1048576K
Event: 5941.015 GC heap after
Heap after GC invocations=59 (full 5):
 PSYoungGen      total 476672K, used 26342K [0x00000000e0000000, 0x0000000100000000, 0x0000000100000000)
  eden space 428032K, 0% used [0x00000000e0000000,0x00000000e0000000,0x00000000fa200000)
  from space 48640K, 54% used [0x00000000fd080000,0x00000000fea39b28,0x0000000100000000)
  to   space 47616K, 0% used [0x00000000fa200000,0x00000000fa200000,0x00000000fd080000)
 ParOldGen       total 192000K, used 49047K [0x00000000a0000000, 0x00000000abb80000, 0x00000000e0000000)
  object space 192000K, 25% used [0x00000000a0000000,0x00000000a2fe5cd8,0x00000000abb80000)
 Metaspace       used 140646K, capacity 147742K, committed 149888K, reserved 1179648K
  class space    used 17284K, capacity 18665K, committed 19072K, reserved 1048576K
}
Event: 5942.973 GC heap before
{Heap before GC invocations=60 (full 5):
 PSYoungGen      total 476672K, used 454374K [0x00000000e0000000, 0x0000000100000000, 0x0000000100000000)
  eden space 428032K, 100% used [0x00000000e0000000,0x00000000fa200000,0x00000000fa200000)
  from space 48640K, 54% used [0x00000000fd080000,0x00000000fea39b28,0x0000000100000000)
  to   space 47616K, 0% used [0x00000000fa200000,0x00000000fa200000,0x00000000fd080000)
 ParOldGen       total 192000K, used 49047K [0x00000000a0000000, 0x00000000abb80000, 0x00000000e0000000)
  object space 192000K, 25% used [0x00000000a0000000,0x00000000a2fe5cd8,0x00000000abb80000)
 Metaspace       used 140731K, capacity 147806K, committed 150144K, reserved 1179648K
  class space    used 17285K, capacity 18665K, committed 19072K, reserved 1048576K
Event: 5943.029 GC heap after
Heap after GC invocations=60 (full 5):
 PSYoungGen      total 445952K, used 17704K [0x00000000e0000000, 0x00000000ffc00000, 0x0000000100000000)
  eden space 428032K, 0% used [0x00000000e0000000,0x00000000e0000000,0x00000000fa200000)
  from space 17920K, 98% used [0x00000000fa200000,0x00000000fb34a118,0x00000000fb380000)
  to   space 46080K, 0% used [0x00000000fcf00000,0x00000000fcf00000,0x00000000ffc00000)
 ParOldGen       total 192000K, used 56163K [0x00000000a0000000, 0x00000000abb80000, 0x00000000e0000000)
  object space 192000K, 29% used [0x00000000a0000000,0x00000000a36d8d78,0x00000000abb80000)
 Metaspace       used 140731K, capacity 147806K, committed 150144K, reserved 1179648K
  class space    used 17285K, capacity 18665K, committed 19072K, reserved 1048576K
}
Event: 5945.357 GC heap before
{Heap before GC invocations=61 (full 5):
 PSYoungGen      total 445952K, used 445736K [0x00000000e0000000, 0x00000000ffc00000, 0x0000000100000000)
  eden space 428032K, 100% used [0x00000000e0000000,0x00000000fa200000,0x00000000fa200000)
  from space 17920K, 98% used [0x00000000fa200000,0x00000000fb34a118,0x00000000fb380000)
  to   space 46080K, 0% used [0x00000000fcf00000,0x00000000fcf00000,0x00000000ffc00000)
 ParOldGen       total 192000K, used 56163K [0x00000000a0000000, 0x00000000abb80000, 0x00000000e0000000)
  object space 192000K, 29% used [0x00000000a0000000,0x00000000a36d8d78,0x00000000abb80000)
 Metaspace       used 140869K, capacity 147952K, committed 150144K, reserved 1179648K
  class space    used 17292K, capacity 18668K, committed 19072K, reserved 1048576K
Event: 5945.497 GC heap after
Heap after GC invocations=61 (full 5):
 PSYoungGen      total 474112K, used 6900K [0x00000000e0000000, 0x0000000100000000, 0x0000000100000000)
  eden space 428032K, 0% used [0x00000000e0000000,0x00000000e0000000,0x00000000fa200000)
  from space 46080K, 14% used [0x00000000fcf00000,0x00000000fd5bd2e0,0x00000000ffc00000)
  to   space 46080K, 0% used [0x00000000fa200000,0x00000000fa200000,0x00000000fcf00000)
 ParOldGen       total 192000K, used 67135K [0x00000000a0000000, 0x00000000abb80000, 0x00000000e0000000)
  object space 192000K, 34% used [0x00000000a0000000,0x00000000a418fe48,0x00000000abb80000)
 Metaspace       used 140869K, capacity 147952K, committed 150144K, reserved 1179648K
  class space    used 17292K, capacity 18668K, committed 19072K, reserved 1048576K
}
Event: 5952.189 GC heap before
{Heap before GC invocations=62 (full 5):
 PSYoungGen      total 474112K, used 434805K [0x00000000e0000000, 0x0000000100000000, 0x0000000100000000)
  eden space 428032K, 99% used [0x00000000e0000000,0x00000000fa1e0448,0x00000000fa200000)
  from space 46080K, 14% used [0x00000000fcf00000,0x00000000fd5bd2e0,0x00000000ffc00000)
  to   space 46080K, 0% used [0x00000000fa200000,0x00000000fa200000,0x00000000fcf00000)
 ParOldGen       total 192000K, used 67135K [0x00000000a0000000, 0x00000000abb80000, 0x00000000e0000000)
  object space 192000K, 34% used [0x00000000a0000000,0x00000000a418fe48,0x00000000abb80000)
 Metaspace       used 141546K, capacity 148748K, committed 150784K, reserved 1181696K
  class space    used 17348K, capacity 18762K, committed 19200K, reserved 1048576K
Event: 5952.236 GC heap after
Heap after GC invocations=62 (full 5):
 PSYoungGen      total 474112K, used 24620K [0x00000000e0000000, 0x00000000ffe00000, 0x0000000100000000)
  eden space 428032K, 0% used [0x00000000e0000000,0x00000000e0000000,0x00000000fa200000)
  from space 46080K, 53% used [0x00000000fa200000,0x00000000fba0b340,0x00000000fcf00000)
  to   space 45056K, 0% used [0x00000000fd200000,0x00000000fd200000,0x00000000ffe00000)
 ParOldGen       total 192000K, used 68655K [0x00000000a0000000, 0x00000000abb80000, 0x00000000e0000000)
  object space 192000K, 35% used [0x00000000a0000000,0x00000000a430be88,0x00000000abb80000)
 Metaspace       used 141546K, capacity 148748K, committed 150784K, reserved 1181696K
  class space    used 17348K, capacity 18762K, committed 19200K, reserved 1048576K
}
Event: 5955.295 GC heap before
{Heap before GC invocations=63 (full 5):
 PSYoungGen      total 474112K, used 451765K [0x00000000e0000000, 0x00000000ffe00000, 0x0000000100000000)
  eden space 428032K, 99% used [0x00000000e0000000,0x00000000fa122390,0x00000000fa200000)
  from space 46080K, 53% used [0x00000000fa200000,0x00000000fba0b340,0x00000000fcf00000)
  to   space 45056K, 0% used [0x00000000fd200000,0x00000000fd200000,0x00000000ffe00000)
 ParOldGen       total 192000K, used 68655K [0x00000000a0000000, 0x00000000abb80000, 0x00000000e0000000)
  object space 192000K, 35% used [0x00000000a0000000,0x00000000a430be88,0x00000000abb80000)
 Metaspace       used 141767K, capacity 149060K, committed 151040K, reserved 1181696K
  class space    used 17381K, capacity 18790K, committed 19200K, reserved 1048576K
Event: 5955.302 GC heap after
Heap after GC invocations=63 (full 5):
 PSYoungGen      total 477184K, used 7079K [0x00000000e0000000, 0x00000000fff00000, 0x0000000100000000)
  eden space 432128K, 0% used [0x00000000e0000000,0x00000000e0000000,0x00000000fa600000)
  from space 45056K, 15% used [0x00000000fd200000,0x00000000fd8e9c68,0x00000000ffe00000)
  to   space 45056K, 0% used [0x00000000fa600000,0x00000000fa600000,0x00000000fd200000)
 ParOldGen       total 192000K, used 68695K [0x00000000a0000000, 0x00000000abb80000, 0x00000000e0000000)
  object space 192000K, 35% used [0x00000000a0000000,0x00000000a4315e88,0x00000000abb80000)
 Metaspace       used 141767K, capacity 149060K, committed 151040K, reserved 1181696K
  class space    used 17381K, capacity 18790K, committed 19200K, reserved 1048576K
}

Deoptimization events (10 events):
Event: 6024.211 Thread 0x000000002d419000 Uncommon trap: reason=class_check action=maybe_recompile pc=0x0000000007cab7d8 method=com.google.common.collect.Lists.newArrayList(Ljava/lang/Iterable;)Ljava/util/ArrayList; @ 27
Event: 6024.211 Thread 0x000000002d419000 Uncommon trap: reason=class_check action=maybe_recompile pc=0x0000000007cab7d8 method=com.google.common.collect.Lists.newArrayList(Ljava/lang/Iterable;)Ljava/util/ArrayList; @ 27
Event: 6024.211 Thread 0x000000002d419000 Uncommon trap: reason=class_check action=maybe_recompile pc=0x0000000007cab7d8 method=com.google.common.collect.Lists.newArrayList(Ljava/lang/Iterable;)Ljava/util/ArrayList; @ 27
Event: 6024.214 Thread 0x000000002d419000 Uncommon trap: reason=class_check action=maybe_recompile pc=0x0000000006664bb4 method=java.util.stream.MatchOps$MatchOp.evaluateSequential(Ljava/util/stream/PipelineHelper;Ljava/util/Spliterator;)Ljava/lang/Boolean; @ 14
Event: 6024.214 Thread 0x000000002d419000 Uncommon trap: reason=bimorphic action=maybe_recompile pc=0x000000000613d9dc method=java.util.stream.AbstractPipeline.copyIntoWithCancel(Ljava/util/stream/Sink;Ljava/util/Spliterator;)V @ 24
Event: 6024.299 Thread 0x000000002d419000 Uncommon trap: reason=unstable_if action=reinterpret pc=0x000000000411d9b0 method=java.util.concurrent.ConcurrentHashMap.addCount(JI)V @ 7
Event: 6412.332 Thread 0x000000002d41a800 Uncommon trap: reason=class_check action=maybe_recompile pc=0x00000000047e3a80 method=org.jetbrains.kotlin.gradle.utils.StringUtilsKt.lowerCamelCaseName([Ljava/lang/String;)Ljava/lang/String; @ 152
Event: 6412.332 Thread 0x000000002d41a800 Uncommon trap: reason=class_check action=maybe_recompile pc=0x00000000047e3a80 method=org.jetbrains.kotlin.gradle.utils.StringUtilsKt.lowerCamelCaseName([Ljava/lang/String;)Ljava/lang/String; @ 152
Event: 6412.333 Thread 0x000000002d41a800 Uncommon trap: reason=class_check action=maybe_recompile pc=0x00000000047e3a80 method=org.jetbrains.kotlin.gradle.utils.StringUtilsKt.lowerCamelCaseName([Ljava/lang/String;)Ljava/lang/String; @ 152
Event: 6412.333 Thread 0x000000002d41a800 Uncommon trap: reason=class_check action=maybe_recompile pc=0x00000000047e3a80 method=org.jetbrains.kotlin.gradle.utils.StringUtilsKt.lowerCamelCaseName([Ljava/lang/String;)Ljava/lang/String; @ 152

Classes redefined (0 events):
No events

Internal exceptions (10 events):
Event: 6151.559 Thread 0x000000001fdd7000 Exception <a 'java/net/ConnectException': Connection refused: connect> (0x00000000eb4c1500) thrown at [D:\src\AOSP-openjdk-cygwin\jdk8u\hotspot\src\share\vm\prims\jni.cpp, line 735]
Event: 6152.572 Thread 0x000000001fdd7000 Exception <a 'java/net/ConnectException': Connection refused: connect> (0x00000000eb4c1df8) thrown at [D:\src\AOSP-openjdk-cygwin\jdk8u\hotspot\src\share\vm\prims\jni.cpp, line 735]
Event: 6153.740 Thread 0x000000001fdd7000 Exception <a 'java/net/ConnectException': Connection refused: connect> (0x00000000eb4c26f0) thrown at [D:\src\AOSP-openjdk-cygwin\jdk8u\hotspot\src\share\vm\prims\jni.cpp, line 735]
Event: 6154.745 Thread 0x000000001fdd7000 Exception <a 'java/net/ConnectException': Connection refused: connect> (0x00000000eb4c51f8) thrown at [D:\src\AOSP-openjdk-cygwin\jdk8u\hotspot\src\share\vm\prims\jni.cpp, line 735]
Event: 6155.763 Thread 0x000000001fdd7000 Exception <a 'java/net/ConnectException': Connection refused: connect> (0x00000000eb4c5af0) thrown at [D:\src\AOSP-openjdk-cygwin\jdk8u\hotspot\src\share\vm\prims\jni.cpp, line 735]
Event: 6156.775 Thread 0x000000001fdd7000 Exception <a 'java/net/ConnectException': Connection refused: connect> (0x00000000eb4c63e8) thrown at [D:\src\AOSP-openjdk-cygwin\jdk8u\hotspot\src\share\vm\prims\jni.cpp, line 735]
Event: 6157.777 Thread 0x000000001fdd7000 Exception <a 'java/net/ConnectException': Connection refused: connect> (0x00000000eb4c8ee0) thrown at [D:\src\AOSP-openjdk-cygwin\jdk8u\hotspot\src\share\vm\prims\jni.cpp, line 735]
Event: 6158.790 Thread 0x000000001fdd7000 Exception <a 'java/net/ConnectException': Connection refused: connect> (0x00000000eb4c97d8) thrown at [D:\src\AOSP-openjdk-cygwin\jdk8u\hotspot\src\share\vm\prims\jni.cpp, line 735]
Event: 6159.805 Thread 0x000000001fdd7000 Exception <a 'java/net/ConnectException': Connection refused: connect> (0x00000000eb4ca0d0) thrown at [D:\src\AOSP-openjdk-cygwin\jdk8u\hotspot\src\share\vm\prims\jni.cpp, line 735]
Event: 6412.286 Thread 0x000000002d41a800 Exception <a 'sun/nio/fs/WindowsException'> (0x00000000ec4be008) thrown at [D:\src\AOSP-openjdk-cygwin\jdk8u\hotspot\src\share\vm\prims\jni.cpp, line 709]

Events (10 events):
Event: 6412.418 Executing VM operation: RevokeBias
Event: 6412.418 Executing VM operation: RevokeBias done
Event: 6412.418 Executing VM operation: RevokeBias
Event: 6412.418 Executing VM operation: RevokeBias done
Event: 6412.419 Executing VM operation: RevokeBias
Event: 6412.420 Executing VM operation: RevokeBias done
Event: 6412.422 Executing VM operation: RevokeBias
Event: 6412.422 Executing VM operation: RevokeBias done
Event: 6412.427 Executing VM operation: BulkRevokeBias
Event: 6412.428 Executing VM operation: BulkRevokeBias done


Dynamic libraries:
0x00007ff7c87c0000 - 0x00007ff7c87f1000 	D:\AndroidStudio\jre\bin\java.exe
0x00007ffe72810000 - 0x00007ffe729f1000 	C:\WINDOWS\SYSTEM32\ntdll.dll
0x00007ffe706e0000 - 0x00007ffe70792000 	C:\WINDOWS\System32\KERNEL32.DLL
0x00007ffe6ebe0000 - 0x00007ffe6ee53000 	C:\WINDOWS\System32\KERNELBASE.dll
0x00007ffe6ffc0000 - 0x00007ffe70061000 	C:\WINDOWS\System32\ADVAPI32.dll
0x00007ffe72130000 - 0x00007ffe721ce000 	C:\WINDOWS\System32\msvcrt.dll
0x00007ffe72780000 - 0x00007ffe727db000 	C:\WINDOWS\System32\sechost.dll
0x00007ffe6fe50000 - 0x00007ffe6ff74000 	C:\WINDOWS\System32\RPCRT4.dll
0x00007ffe70a50000 - 0x00007ffe70be0000 	C:\WINDOWS\System32\USER32.dll
0x00007ffe6f760000 - 0x00007ffe6f780000 	C:\WINDOWS\System32\win32u.dll
0x00007ffe6fca0000 - 0x00007ffe6fcc8000 	C:\WINDOWS\System32\GDI32.dll
0x00007ffe6faa0000 - 0x00007ffe6fc32000 	C:\WINDOWS\System32\gdi32full.dll
0x00007ffe6fa00000 - 0x00007ffe6fa9f000 	C:\WINDOWS\System32\msvcp_win.dll
0x00007ffe6f8b0000 - 0x00007ffe6f9aa000 	C:\WINDOWS\System32\ucrtbase.dll
0x00007ffe5daf0000 - 0x00007ffe5dd59000 	C:\WINDOWS\WinSxS\amd64_microsoft.windows.common-controls_6595b64144ccf1df_6.0.17134.345_none_fb429a5930656358\COMCTL32.dll
0x00007ffe703b0000 - 0x00007ffe706d3000 	C:\WINDOWS\System32\combase.dll
0x00007ffe6f830000 - 0x00007ffe6f8aa000 	C:\WINDOWS\System32\bcryptPrimitives.dll
0x00007ffe6ff90000 - 0x00007ffe6ffbd000 	C:\WINDOWS\System32\IMM32.DLL
0x0000000074100000 - 0x00000000741d2000 	D:\AndroidStudio\jre\jre\bin\msvcr100.dll
0x00000000741e0000 - 0x0000000074a21000 	D:\AndroidStudio\jre\jre\bin\server\jvm.dll
0x00007ffe6fcd0000 - 0x00007ffe6fcd8000 	C:\WINDOWS\System32\PSAPI.DLL
0x00007ffe6cfa0000 - 0x00007ffe6cfa9000 	C:\WINDOWS\SYSTEM32\WSOCK32.dll
0x00007ffe6b320000 - 0x00007ffe6b343000 	C:\WINDOWS\SYSTEM32\WINMM.dll
0x00007ffe608f0000 - 0x00007ffe608fa000 	C:\WINDOWS\SYSTEM32\VERSION.dll
0x00007ffe70be0000 - 0x00007ffe70c4c000 	C:\WINDOWS\System32\WS2_32.dll
0x00007ffe6b2f0000 - 0x00007ffe6b31a000 	C:\WINDOWS\SYSTEM32\WINMMBASE.dll
0x00007ffe6f9b0000 - 0x00007ffe6f9f9000 	C:\WINDOWS\System32\cfgmgr32.dll
0x00007ffe6a290000 - 0x00007ffe6a29f000 	D:\AndroidStudio\jre\jre\bin\verify.dll
0x00007ffe431f0000 - 0x00007ffe43219000 	D:\AndroidStudio\jre\jre\bin\java.dll
0x00007ffe6a1a0000 - 0x00007ffe6a1b6000 	D:\AndroidStudio\jre\jre\bin\zip.dll
0x00007ffe70cd0000 - 0x00007ffe7210f000 	C:\WINDOWS\System32\SHELL32.dll
0x00007ffe707a0000 - 0x00007ffe70849000 	C:\WINDOWS\System32\shcore.dll
0x00007ffe6ee60000 - 0x00007ffe6f56d000 	C:\WINDOWS\System32\windows.storage.dll
0x00007ffe72720000 - 0x00007ffe72771000 	C:\WINDOWS\System32\shlwapi.dll
0x00007ffe6eb30000 - 0x00007ffe6eb41000 	C:\WINDOWS\System32\kernel.appcore.dll
0x00007ffe6eba0000 - 0x00007ffe6ebbf000 	C:\WINDOWS\System32\profapi.dll
0x00007ffe6eb50000 - 0x00007ffe6eb9c000 	C:\WINDOWS\System32\powrprof.dll
0x00007ffe6eb20000 - 0x00007ffe6eb2a000 	C:\WINDOWS\System32\FLTLIB.DLL
0x00007ffe69630000 - 0x00007ffe6964a000 	D:\AndroidStudio\jre\jre\bin\net.dll
0x00007ffe6e3a0000 - 0x00007ffe6e406000 	C:\WINDOWS\system32\mswsock.dll
0x00007ffe695e0000 - 0x00007ffe695f1000 	D:\AndroidStudio\jre\jre\bin\nio.dll
0x00007ffe45290000 - 0x00007ffe452ae000 	C:\Users\Chow Jia Jun\.gradle\native\25\windows-amd64\native-platform.dll
0x00007ffe6a040000 - 0x00007ffe6a04d000 	D:\AndroidStudio\jre\jre\bin\management.dll
0x00007ffe6e560000 - 0x00007ffe6e577000 	C:\WINDOWS\SYSTEM32\CRYPTSP.dll
0x00007ffe6df80000 - 0x00007ffe6dfb3000 	C:\WINDOWS\system32\rsaenh.dll
0x00007ffe6e680000 - 0x00007ffe6e6a5000 	C:\WINDOWS\SYSTEM32\bcrypt.dll
0x00007ffe6ea20000 - 0x00007ffe6ea48000 	C:\WINDOWS\SYSTEM32\USERENV.dll
0x00007ffe6e550000 - 0x00007ffe6e55b000 	C:\WINDOWS\SYSTEM32\CRYPTBASE.dll
0x00007ffe6e120000 - 0x00007ffe6e158000 	C:\WINDOWS\SYSTEM32\IPHLPAPI.DLL
0x00007ffe6ff80000 - 0x00007ffe6ff88000 	C:\WINDOWS\System32\NSI.dll
0x00007ffe683a0000 - 0x00007ffe683b6000 	C:\WINDOWS\SYSTEM32\dhcpcsvc6.DLL
0x00007ffe684f0000 - 0x00007ffe6850a000 	C:\WINDOWS\SYSTEM32\dhcpcsvc.DLL
0x00007ffe3a5b0000 - 0x00007ffe3a747000 	D:\AndroidStudio\jre\jre\bin\awt.dll
0x00007ffe6fd80000 - 0x00007ffe6fe42000 	C:\WINDOWS\System32\OLEAUT32.dll
0x00007ffe6bb00000 - 0x00007ffe6c0c7000 	C:\WINDOWS\SYSTEM32\d2d1.dll
0x00007ffe6c9e0000 - 0x00007ffe6ca6b000 	C:\WINDOWS\SYSTEM32\apphelp.dll
0x00007ffe6d290000 - 0x00007ffe6d2b9000 	C:\WINDOWS\system32\DWMAPI.DLL
0x00007ffe6cc00000 - 0x00007ffe6cc98000 	C:\WINDOWS\system32\uxtheme.dll
0x00007ffe6a2e0000 - 0x00007ffe6a2fe000 	C:\Users\Chow Jia Jun\AppData\Local\Temp\native-platform6011346595552156296dir\native-platform.dll
0x00007ffe6dd20000 - 0x00007ffe6dd51000 	C:\WINDOWS\SYSTEM32\ntmarta.dll
0x00007ffe435f0000 - 0x00007ffe43614000 	D:\AndroidStudio\jre\jre\bin\sunec.dll
0x00007ffe6e160000 - 0x00007ffe6e21e000 	C:\WINDOWS\SYSTEM32\DNSAPI.dll
0x00007ffe65520000 - 0x00007ffe6552a000 	C:\Windows\System32\rasadhlp.dll
0x00007ffe671a0000 - 0x00007ffe67212000 	C:\WINDOWS\System32\fwpuclnt.dll
0x00007ffe6a280000 - 0x00007ffe6a28b000 	D:\AndroidStudio\jre\jre\bin\sunmscapi.dll
0x00007ffe6f570000 - 0x00007ffe6f752000 	C:\WINDOWS\System32\CRYPT32.dll
0x00007ffe6ebc0000 - 0x00007ffe6ebd2000 	C:\WINDOWS\System32\MSASN1.dll
0x00007ffe6a500000 - 0x00007ffe6a51e000 	C:\Users\Chow Jia Jun\AppData\Local\Temp\native-platform6798798439629480817dir\native-platform.dll

VM Arguments:
jvm_args: -Xmx1536m -Dfile.encoding=windows-1252 -Duser.country=SG -Duser.language=en -Duser.variant 
java_command: org.gradle.launcher.daemon.bootstrap.GradleDaemon 4.6
java_class_path (initial): C:\Users\Chow Jia Jun\.gradle\wrapper\dists\gradle-4.6-all\bcst21l2brirad8k2ben1letg\gradle-4.6\lib\gradle-launcher-4.6.jar
Launcher Type: SUN_STANDARD

Environment Variables:
PATH=C:\Program Files (x86)\Common Files\Oracle\Java\javapath;C:\Program Files (x86)\NVIDIA Corporation\PhysX\Common;C:\Program Files (x86)\Razer Chroma SDK\bin;C:\Program Files\Razer Chroma SDK\bin;C:\WINDOWS\system32;C:\WINDOWS;C:\WINDOWS\System32\Wbem;C:\WINDOWS\System32\WindowsPowerShell\v1.0\;C:\Program Files\Microsoft SQL Server\130\Tools\Binn\;C:\Program Files\dotnet\;C:\Users\Chow Jia Jun\AppData\Local\Programs\Python\Python36-32\Scripts\;C:\Users\Chow Jia Jun\AppData\Local\Programs\Python\Python36-32\;C:\Users\Chow Jia Jun\AppData\Local\Microsoft\WindowsApps;C:\WINDOWS\system32;C:\WINDOWS;C:\WINDOWS\System32\Wbem;C:\WINDOWS\System32\WindowsPowerShell\v1.0\;C:\Program Files\Microsoft SQL Server\Client SDK\ODBC\130\Tools\Binn\;C:\Program Files (x86)\Microsoft SQL Server\140\Tools\Binn\;C:\Program Files\Microsoft SQL Server\140\Tools\Binn\;C:\Program Files\Microsoft SQL Server\140\DTS\Binn\;C:\Program Files\nodejs\;C:\WINDOWS\System32\OpenSSH\;C:\Program Files (x86)\Microsoft SQL Server\Client SDK\ODBC\130\Tools\Binn\;C:\Program Files (x86)\Microsoft SQL Server\140\DTS\Binn\;C:\Program Files (x86)\Microsoft SQL Server\140\Tools\Binn\ManagementStudio\;C:\Program Files\Microsoft VS Code\bin;C:\Program Files\Intel\WiFi\bin\;C:\Program Files\Common Files\Intel\WirelessCommon\;C:\Users\Chow Jia Jun\AppData\Local\Programs\Python\Python36-32\Scripts\;C:\Users\Chow Jia Jun\AppData\Local\Programs\Python\Python36-32\;C:\Users\Chow Jia Jun\AppData\Local\Microsoft\WindowsApps;C:\Program Files\Microsoft VS Code\bin;C:\Users\Chow Jia Jun\AppData\Roaming\npm;C:\Users\Chow Jia Jun\AppData\Local\atom\bin;%USERPROFILE%\AppData\Local\Microsoft\WindowsApps;
USERNAME=Chow Jia Jun
OS=Windows_NT
PROCESSOR_IDENTIFIER=Intel64 Family 6 Model 142 Stepping 9, GenuineIntel



---------------  S Y S T E M  ---------------

OS: Windows 10.0 , 64 bit Build 17134 (10.0.17134.1)

CPU:total 4 (initial active 4) (2 cores per cpu, 2 threads per core) family 6 model 142 stepping 9, cmov, cx8, fxsr, mmx, sse, sse2, sse3, ssse3, sse4.1, sse4.2, popcnt, avx, avx2, aes, clmul, erms, 3dnowpref, lzcnt, ht, tsc, tscinvbit, bmi1, bmi2, adx

Memory: 4k page, physical 8266396k(567096k free), swap 10363548k(4368k free)

vm_info: OpenJDK 64-Bit Server VM (25.152-b06) for windows-amd64 JRE (1.8.0_152-release-1136-b06), built by "builder" with MS VC++ 10.0 (VS2010)

time: Tue Nov 06 18:22:46 2018
elapsed time: 6412 seconds (0d 1h 46m 52s)

