#
# There is insufficient memory for the Java Runtime Environment to continue.
# Native memory allocation (malloc) failed to allocate 606096 bytes for Chunk::new
# Possible reasons:
#   The system is out of physical RAM or swap space
#   In 32 bit mode, the process size limit was hit
# Possible solutions:
#   Reduce memory load on the system
#   Increase physical memory or swap space
#   Check if swap backing store is full
#   Use 64 bit Java on a 64 bit OS
#   Decrease Java heap size (-Xmx/-Xms)
#   Decrease number of Java threads
#   Decrease Java thread stack sizes (-Xss)
#   Set larger code cache with -XX:ReservedCodeCacheSize=
# This output file may be truncated or incomplete.
#
#  Out of Memory Error (allocation.cpp:390), pid=5228, tid=0x0000000000001ec8
#
# JRE version: OpenJDK Runtime Environment (8.0_152-b06) (build 1.8.0_152-release-1136-b06)
# Java VM: OpenJDK 64-Bit Server VM (25.152-b06 mixed mode windows-amd64 compressed oops)
# Failed to write core dump. Minidumps are not enabled by default on client versions of Windows
#

---------------  T H R E A D  ---------------

Current thread (0x0000000016bff000):  JavaThread "C2 CompilerThread0" daemon [_thread_in_native, id=7880, stack(0x0000000018270000,0x0000000018370000)]

Stack: [0x0000000018270000,0x0000000018370000]
[error occurred during error reporting (printing stack bounds), id 0xc0000005]

Native frames: (J=compiled Java code, j=interpreted, Vv=VM code, C=native code)


Current CompileTask:
C2:   7831 4423   !   4       org.jetbrains.kotlin.metadata.ProtoBuf$Function::<init> (1112 bytes)


---------------  P R O C E S S  ---------------

Java Threads: ( => current thread )
  0x0000000018e0f000 JavaThread "RMI RenewClean-[127.0.0.1:51969,org.jetbrains.kotlin.daemon.common.LoopbackNetworkInterface$ClientLoopbackSocketFactory@6aedfa34]" daemon [_thread_blocked, id=4272, stack(0x000000001a1f0000,0x000000001a2f0000)]
  0x0000000018e0f800 JavaThread "RMI TCP Connection(2)-127.0.0.1" daemon [_thread_in_vm, id=8424, stack(0x000000001a0f0000,0x000000001a1f0000)]
  0x0000000018e0c800 JavaThread "RMI Scheduler(0)" daemon [_thread_blocked, id=9936, stack(0x0000000019ff0000,0x000000001a0f0000)]
  0x0000000018dbb800 JavaThread "RMI TCP Connection(1)-127.0.0.1" daemon [_thread_in_native, id=3344, stack(0x0000000019ef0000,0x0000000019ff0000)]
  0x00000000030e2800 JavaThread "DestroyJavaVM" [_thread_blocked, id=4652, stack(0x0000000002fb0000,0x00000000030b0000)]
  0x0000000018d3c800 JavaThread "GC Daemon" daemon [_thread_blocked, id=8808, stack(0x0000000019ab0000,0x0000000019bb0000)]
  0x0000000018d3b800 JavaThread "RMI Reaper" [_thread_blocked, id=4396, stack(0x00000000199b0000,0x0000000019ab0000)]
  0x0000000018d27800 JavaThread "Timer-0" daemon [_thread_blocked, id=5472, stack(0x00000000197b0000,0x00000000198b0000)]
  0x0000000018d22800 JavaThread "RMI TCP Accept-17779" daemon [_thread_in_native, id=9148, stack(0x00000000196b0000,0x00000000197b0000)]
  0x0000000018499000 JavaThread "Service Thread" daemon [_thread_blocked, id=4428, stack(0x0000000018970000,0x0000000018a70000)]
  0x0000000018478800 JavaThread "C1 CompilerThread2" daemon [_thread_blocked, id=9804, stack(0x0000000018870000,0x0000000018970000)]
  0x0000000016c36000 JavaThread "C2 CompilerThread1" daemon [_thread_in_native, id=1164, stack(0x0000000018370000,0x0000000018470000)]
=>0x0000000016bff000 JavaThread "C2 CompilerThread0" daemon [_thread_in_native, id=7880, stack(0x0000000018270000,0x0000000018370000)]
  0x0000000016bfd000 JavaThread "Attach Listener" daemon [_thread_blocked, id=9452, stack(0x0000000018170000,0x0000000018270000)]
  0x0000000016bfb800 JavaThread "Signal Dispatcher" daemon [_thread_blocked, id=7628, stack(0x0000000018070000,0x0000000018170000)]
  0x0000000016be8800 JavaThread "Finalizer" daemon [_thread_blocked, id=5552, stack(0x0000000017e80000,0x0000000017f80000)]
  0x00000000031d2800 JavaThread "Reference Handler" daemon [_thread_blocked, id=864, stack(0x0000000017d80000,0x0000000017e80000)]

Other Threads:
  0x0000000016bc6000 VMThread [stack: 0x0000000017c80000,0x0000000017d80000] [id=8984]
  0x000000001849b000 WatcherThread [stack: 0x0000000018a70000,0x0000000018b70000] [id=8508]

VM state:not at safepoint (normal execution)

VM Mutex/Monitor currently owned by a thread: None

Heap:
 PSYoungGen      total 49664K, used 36181K [0x00000000e0000000, 0x00000000e4900000, 0x0000000100000000)
  eden space 36352K, 69% used [0x00000000e0000000,0x00000000e1885908,0x00000000e2380000)
  from space 13312K, 83% used [0x00000000e2380000,0x00000000e2e4fd28,0x00000000e3080000)
  to   space 14336K, 0% used [0x00000000e3b00000,0x00000000e3b00000,0x00000000e4900000)
 ParOldGen       total 66560K, used 20855K [0x00000000a0000000, 0x00000000a4100000, 0x00000000e0000000)
  object space 66560K, 31% used [0x00000000a0000000,0x00000000a145dcf0,0x00000000a4100000)
 Metaspace       used 42281K, capacity 42916K, committed 43264K, reserved 1087488K
  class space    used 5215K, capacity 5371K, committed 5376K, reserved 1048576K

Card table byte_map: [0x0000000012650000,0x0000000012960000] byte_map_base: 0x0000000012150000

Marking Bits: (ParMarkBitMap*) 0x00000000749a5aa0
 Begin Bits: [0x0000000012f60000, 0x0000000014760000)
 End Bits:   [0x0000000014760000, 0x0000000015f60000)

Polling page: 0x00000000030b0000

CodeCache: size=245760Kb used=13684Kb max_used=14053Kb free=232075Kb
 bounds [0x0000000003290000, 0x0000000004060000, 0x0000000012290000]
 total_blobs=4736 nmethods=4246 adapters=402
 compilation: enabled

Compilation events (10 events):
Event: 7.813 Thread 0x0000000018478800 4458       1       org.jetbrains.kotlin.metadata.ProtoBuf$Property::getVersionRequirementList (5 bytes)
Event: 7.813 Thread 0x0000000018478800 nmethod 4458 0x0000000003666c50 code [0x0000000003666da0, 0x0000000003666eb0]
Event: 7.817 Thread 0x0000000018478800 4462       3       org.jetbrains.kotlin.load.java.structure.impl.classFiles.BinaryJavaField::isStatic (5 bytes)
Event: 7.818 Thread 0x0000000018478800 nmethod 4462 0x0000000003744c90 code [0x0000000003744e00, 0x0000000003745150]
Event: 7.819 Thread 0x0000000018478800 4463       3       org.jetbrains.kotlin.load.java.lazy.descriptors.LazyJavaStaticClassScope$computeMemberIndex$1::invoke (12 bytes)
Event: 7.820 Thread 0x0000000018478800 nmethod 4463 0x00000000034cfc90 code [0x00000000034cfe40, 0x00000000034d03d8]
Event: 7.820 Thread 0x0000000018478800 4464       3       org.jetbrains.kotlin.load.java.lazy.descriptors.LazyJavaStaticClassScope$computeMemberIndex$1::invoke (13 bytes)
Event: 7.820 Thread 0x0000000018478800 nmethod 4464 0x0000000003807590 code [0x0000000003807720, 0x0000000003807a18]
Event: 7.820 Thread 0x0000000018478800 4465       1       org.jetbrains.kotlin.load.java.structure.impl.classFiles.BinaryJavaField::getName (5 bytes)
Event: 7.820 Thread 0x0000000018478800 nmethod 4465 0x0000000003666990 code [0x0000000003666ae0, 0x0000000003666bf0]

GC Heap History (10 events):
Event: 5.255 GC heap before
{Heap before GC invocations=8 (full 2):
 PSYoungGen      total 38400K, used 38378K [0x00000000e0000000, 0x00000000e3580000, 0x0000000100000000)
  eden space 33280K, 100% used [0x00000000e0000000,0x00000000e2080000,0x00000000e2080000)
  from space 5120K, 99% used [0x00000000e2080000,0x00000000e257abf0,0x00000000e2580000)
  to   space 5120K, 0% used [0x00000000e3080000,0x00000000e3080000,0x00000000e3580000)
 ParOldGen       total 66560K, used 10725K [0x00000000a0000000, 0x00000000a4100000, 0x00000000e0000000)
  object space 66560K, 16% used [0x00000000a0000000,0x00000000a0a79770,0x00000000a4100000)
 Metaspace       used 30817K, capacity 31328K, committed 31744K, reserved 1077248K
  class space    used 3865K, capacity 4022K, committed 4096K, reserved 1048576K
Event: 5.266 GC heap after
Heap after GC invocations=8 (full 2):
 PSYoungGen      total 42496K, used 5106K [0x00000000e0000000, 0x00000000e4300000, 0x0000000100000000)
  eden space 37376K, 0% used [0x00000000e0000000,0x00000000e0000000,0x00000000e2480000)
  from space 5120K, 99% used [0x00000000e3080000,0x00000000e357cb28,0x00000000e3580000)
  to   space 12288K, 0% used [0x00000000e2480000,0x00000000e2480000,0x00000000e3080000)
 ParOldGen       total 66560K, used 17847K [0x00000000a0000000, 0x00000000a4100000, 0x00000000e0000000)
  object space 66560K, 26% used [0x00000000a0000000,0x00000000a116ddf8,0x00000000a4100000)
 Metaspace       used 30817K, capacity 31328K, committed 31744K, reserved 1077248K
  class space    used 3865K, capacity 4022K, committed 4096K, reserved 1048576K
}
Event: 5.830 GC heap before
{Heap before GC invocations=9 (full 2):
 PSYoungGen      total 42496K, used 32354K [0x00000000e0000000, 0x00000000e4300000, 0x0000000100000000)
  eden space 37376K, 72% used [0x00000000e0000000,0x00000000e1a9bce0,0x00000000e2480000)
  from space 5120K, 99% used [0x00000000e3080000,0x00000000e357cb28,0x00000000e3580000)
  to   space 12288K, 0% used [0x00000000e2480000,0x00000000e2480000,0x00000000e3080000)
 ParOldGen       total 66560K, used 17847K [0x00000000a0000000, 0x00000000a4100000, 0x00000000e0000000)
  object space 66560K, 26% used [0x00000000a0000000,0x00000000a116ddf8,0x00000000a4100000)
 Metaspace       used 35420K, capacity 35956K, committed 36268K, reserved 1081344K
  class space    used 4455K, capacity 4588K, committed 4608K, reserved 1048576K
Event: 5.844 GC heap after
Heap after GC invocations=9 (full 2):
 PSYoungGen      total 49664K, used 11826K [0x00000000e0000000, 0x00000000e4300000, 0x0000000100000000)
  eden space 37376K, 0% used [0x00000000e0000000,0x00000000e0000000,0x00000000e2480000)
  from space 12288K, 96% used [0x00000000e2480000,0x00000000e300cb90,0x00000000e3080000)
  to   space 5120K, 0% used [0x00000000e3080000,0x00000000e3080000,0x00000000e3580000)
 ParOldGen       total 66560K, used 17867K [0x00000000a0000000, 0x00000000a4100000, 0x00000000e0000000)
  object space 66560K, 26% used [0x00000000a0000000,0x00000000a1172d98,0x00000000a4100000)
 Metaspace       used 35420K, capacity 35956K, committed 36268K, reserved 1081344K
  class space    used 4455K, capacity 4588K, committed 4608K, reserved 1048576K
}
Event: 5.844 GC heap before
{Heap before GC invocations=10 (full 3):
 PSYoungGen      total 49664K, used 11826K [0x00000000e0000000, 0x00000000e4300000, 0x0000000100000000)
  eden space 37376K, 0% used [0x00000000e0000000,0x00000000e0000000,0x00000000e2480000)
  from space 12288K, 96% used [0x00000000e2480000,0x00000000e300cb90,0x00000000e3080000)
  to   space 5120K, 0% used [0x00000000e3080000,0x00000000e3080000,0x00000000e3580000)
 ParOldGen       total 66560K, used 17867K [0x00000000a0000000, 0x00000000a4100000, 0x00000000e0000000)
  object space 66560K, 26% used [0x00000000a0000000,0x00000000a1172d98,0x00000000a4100000)
 Metaspace       used 35420K, capacity 35956K, committed 36268K, reserved 1081344K
  class space    used 4455K, capacity 4588K, committed 4608K, reserved 1048576K
Event: 5.961 GC heap after
Heap after GC invocations=10 (full 3):
 PSYoungGen      total 49664K, used 0K [0x00000000e0000000, 0x00000000e4300000, 0x0000000100000000)
  eden space 37376K, 0% used [0x00000000e0000000,0x00000000e0000000,0x00000000e2480000)
  from space 12288K, 0% used [0x00000000e2480000,0x00000000e2480000,0x00000000e3080000)
  to   space 5120K, 0% used [0x00000000e3080000,0x00000000e3080000,0x00000000e3580000)
 ParOldGen       total 66560K, used 18912K [0x00000000a0000000, 0x00000000a4100000, 0x00000000e0000000)
  object space 66560K, 28% used [0x00000000a0000000,0x00000000a1278108,0x00000000a4100000)
 Metaspace       used 35420K, capacity 35956K, committed 36268K, reserved 1081344K
  class space    used 4455K, capacity 4588K, committed 4608K, reserved 1048576K
}
Event: 6.572 GC heap before
{Heap before GC invocations=11 (full 3):
 PSYoungGen      total 49664K, used 37376K [0x00000000e0000000, 0x00000000e4300000, 0x0000000100000000)
  eden space 37376K, 100% used [0x00000000e0000000,0x00000000e2480000,0x00000000e2480000)
  from space 12288K, 0% used [0x00000000e2480000,0x00000000e2480000,0x00000000e3080000)
  to   space 5120K, 0% used [0x00000000e3080000,0x00000000e3080000,0x00000000e3580000)
 ParOldGen       total 66560K, used 18912K [0x00000000a0000000, 0x00000000a4100000, 0x00000000e0000000)
  object space 66560K, 28% used [0x00000000a0000000,0x00000000a1278108,0x00000000a4100000)
 Metaspace       used 37753K, capacity 38311K, committed 38784K, reserved 1083392K
  class space    used 4729K, capacity 4880K, committed 4992K, reserved 1048576K
Event: 6.578 GC heap after
Heap after GC invocations=11 (full 3):
 PSYoungGen      total 41472K, used 5103K [0x00000000e0000000, 0x00000000e4980000, 0x0000000100000000)
  eden space 36352K, 0% used [0x00000000e0000000,0x00000000e0000000,0x00000000e2380000)
  from space 5120K, 99% used [0x00000000e3080000,0x00000000e357bef0,0x00000000e3580000)
  to   space 13312K, 0% used [0x00000000e2380000,0x00000000e2380000,0x00000000e3080000)
 ParOldGen       total 66560K, used 20847K [0x00000000a0000000, 0x00000000a4100000, 0x00000000e0000000)
  object space 66560K, 31% used [0x00000000a0000000,0x00000000a145bcf0,0x00000000a4100000)
 Metaspace       used 37753K, capacity 38311K, committed 38784K, reserved 1083392K
  class space    used 4729K, capacity 4880K, committed 4992K, reserved 1048576K
}
Event: 7.461 GC heap before
{Heap before GC invocations=12 (full 3):
 PSYoungGen      total 41472K, used 41455K [0x00000000e0000000, 0x00000000e4980000, 0x0000000100000000)
  eden space 36352K, 100% used [0x00000000e0000000,0x00000000e2380000,0x00000000e2380000)
  from space 5120K, 99% used [0x00000000e3080000,0x00000000e357bef0,0x00000000e3580000)
  to   space 13312K, 0% used [0x00000000e2380000,0x00000000e2380000,0x00000000e3080000)
 ParOldGen       total 66560K, used 20847K [0x00000000a0000000, 0x00000000a4100000, 0x00000000e0000000)
  object space 66560K, 31% used [0x00000000a0000000,0x00000000a145bcf0,0x00000000a4100000)
 Metaspace       used 40353K, capacity 40995K, committed 41600K, reserved 1085440K
  class space    used 4967K, capacity 5130K, committed 5248K, reserved 1048576K
Event: 7.470 GC heap after
Heap after GC invocations=12 (full 3):
 PSYoungGen      total 49664K, used 11071K [0x00000000e0000000, 0x00000000e4900000, 0x0000000100000000)
  eden space 36352K, 0% used [0x00000000e0000000,0x00000000e0000000,0x00000000e2380000)
  from space 13312K, 83% used [0x00000000e2380000,0x00000000e2e4fd28,0x00000000e3080000)
  to   space 14336K, 0% used [0x00000000e3b00000,0x00000000e3b00000,0x00000000e4900000)
 ParOldGen       total 66560K, used 20855K [0x00000000a0000000, 0x00000000a4100000, 0x00000000e0000000)
  object space 66560K, 31% used [0x00000000a0000000,0x00000000a145dcf0,0x00000000a4100000)
 Metaspace       used 40353K, capacity 40995K, committed 41600K, reserved 1085440K
  class space    used 4967K, capacity 5130K, committed 5248K, reserved 1048576K
}

Deoptimization events (10 events):
Event: 7.598 Thread 0x0000000018e0f800 Uncommon trap: reason=class_check action=maybe_recompile pc=0x0000000003fbfbb8 method=org.jetbrains.kotlin.load.java.lazy.descriptors.LazyJavaScope.getFunctionNamesLazy()Ljava/util/Set; @ 13
Event: 7.661 Thread 0x0000000018e0f800 Uncommon trap: reason=unstable_if action=reinterpret pc=0x0000000003a28204 method=kotlin.jvm.internal.Intrinsics.areEqual(Ljava/lang/Object;Ljava/lang/Object;)Z @ 5
Event: 7.710 Thread 0x0000000018e0f800 Uncommon trap: reason=class_check action=maybe_recompile pc=0x0000000003fc5fb0 method=org.jetbrains.kotlin.incremental.UtilsKt.record(Lorg/jetbrains/kotlin/incremental/components/LookupTracker;Lorg/jetbrains/kotlin/incremental/components/LookupLocation;Lo
Event: 7.710 Thread 0x0000000018e0f800 Uncommon trap: reason=class_check action=maybe_recompile pc=0x0000000003ed4744 method=org.jetbrains.kotlin.incremental.UtilsKt.record(Lorg/jetbrains/kotlin/incremental/components/LookupTracker;Lorg/jetbrains/kotlin/incremental/components/LookupLocation;Lo
Event: 7.710 Thread 0x0000000018e0f800 Uncommon trap: reason=class_check action=maybe_recompile pc=0x0000000003ed4744 method=org.jetbrains.kotlin.incremental.UtilsKt.record(Lorg/jetbrains/kotlin/incremental/components/LookupTracker;Lorg/jetbrains/kotlin/incremental/components/LookupLocation;Lo
Event: 7.710 Thread 0x0000000018e0f800 Uncommon trap: reason=class_check action=maybe_recompile pc=0x0000000003ed4744 method=org.jetbrains.kotlin.incremental.UtilsKt.record(Lorg/jetbrains/kotlin/incremental/components/LookupTracker;Lorg/jetbrains/kotlin/incremental/components/LookupLocation;Lo
Event: 7.711 Thread 0x0000000018e0f800 Uncommon trap: reason=class_check action=maybe_recompile pc=0x0000000003fc5fb0 method=org.jetbrains.kotlin.incremental.UtilsKt.record(Lorg/jetbrains/kotlin/incremental/components/LookupTracker;Lorg/jetbrains/kotlin/incremental/components/LookupLocation;Lo
Event: 7.761 Thread 0x0000000018e0f800 Uncommon trap: reason=unstable_if action=reinterpret pc=0x0000000003ba41cc method=org.jetbrains.kotlin.gnu.trove.TObjectHash.insertionIndex(Ljava/lang/Object;)I @ 182
Event: 7.807 Thread 0x0000000018e0f800 Uncommon trap: reason=unstable_if action=reinterpret pc=0x00000000038deb54 method=org.jetbrains.kotlin.protobuf.CodedInputStream.readRawVarint32()I @ 69
Event: 7.807 Thread 0x0000000018e0f800 Uncommon trap: reason=unstable_if action=reinterpret pc=0x0000000003baa964 method=org.jetbrains.kotlin.protobuf.CodedOutputStream.computeRawVarint32Size(I)I @ 14

Classes redefined (0 events):
No events

Internal exceptions (10 events):
Event: 2.778 Thread 0x0000000018e0f800 Implicit null exception at 0x00000000036678af to 0x0000000003667919
Event: 2.859 Thread 0x0000000018e0f800 Exception <a 'java/lang/NoSuchMethodError': java.lang.Object.lambda$comparing$77a9974f$1(Ljava/util/function/Function;Ljava/lang/Object;Ljava/lang/Object;)I> (0x00000000e063b268) thrown at [D:\src\AOSP-openjdk-cygwin\jdk8u\hotspot\src\share\vm\interpreter
Event: 3.367 Thread 0x0000000018e0f800 Exception <a 'java/lang/ArrayIndexOutOfBoundsException': 67> (0x00000000e00adf10) thrown at [D:\src\AOSP-openjdk-cygwin\jdk8u\hotspot\src\share\vm\interpreter\interpreterRuntime.cpp, line 366]
Event: 3.723 Thread 0x0000000018e0f800 Exception <a 'java/lang/NoSuchMethodError': java.lang.Object.lambda$static$0(I)[Lorg/jetbrains/kotlin/com/intellij/openapi/editor/event/DocumentListener;> (0x00000000e09515f8) thrown at [D:\src\AOSP-openjdk-cygwin\jdk8u\hotspot\src\share\vm\interpreter\li
Event: 3.803 Thread 0x0000000018e0f800 Exception <a 'java/lang/NoSuchMethodError': java.lang.Object.lambda$static$0(I)[Lorg/jetbrains/kotlin/com/intellij/psi/PsiAnnotation;> (0x00000000e0b38b70) thrown at [D:\src\AOSP-openjdk-cygwin\jdk8u\hotspot\src\share\vm\interpreter\linkResolver.cpp, line
Event: 5.755 Thread 0x0000000018e0f800 Exception <a 'java/lang/NoSuchMethodError': java.lang.Object.lambda$static$0(I)[Lorg/jetbrains/kotlin/psi/KtExpression;> (0x00000000e166b0f8) thrown at [D:\src\AOSP-openjdk-cygwin\jdk8u\hotspot\src\share\vm\interpreter\linkResolver.cpp, line 584]
Event: 5.805 Thread 0x0000000018e0f800 Exception <a 'java/lang/NoSuchMethodError': java.lang.Object.lambda$static$0(I)[Lorg/jetbrains/kotlin/psi/KtDeclaration;> (0x00000000e18ef838) thrown at [D:\src\AOSP-openjdk-cygwin\jdk8u\hotspot\src\share\vm\interpreter\linkResolver.cpp, line 584]
Event: 5.818 Thread 0x0000000018e0f800 Exception <a 'java/lang/NoSuchMethodError': java.lang.Object.lambda$static$0(I)[Lorg/jetbrains/kotlin/com/intellij/psi/PsiElement;> (0x00000000e1955710) thrown at [D:\src\AOSP-openjdk-cygwin\jdk8u\hotspot\src\share\vm\interpreter\linkResolver.cpp, line 58
Event: 5.980 Thread 0x0000000018e0f800 Exception <a 'java/lang/NoSuchMethodError': java.lang.Object.lambda$static$0(I)[Lorg/jetbrains/kotlin/psi/KtTypeElement;> (0x00000000e0038f50) thrown at [D:\src\AOSP-openjdk-cygwin\jdk8u\hotspot\src\share\vm\interpreter\linkResolver.cpp, line 584]
Event: 6.718 Thread 0x0000000018e0f800 Exception <a 'java/lang/NoSuchMethodError': java.lang.Object.lambda$static$0(I)[Lorg/jetbrains/kotlin/com/intellij/psi/PsiClass;> (0x00000000e06b0a90) thrown at [D:\src\AOSP-openjdk-cygwin\jdk8u\hotspot\src\share\vm\interpreter\linkResolver.cpp, line 584]

Events (10 events):
Event: 7.818 loading class org/jetbrains/kotlin/load/java/lazy/descriptors/LazyJavaStaticClassScope$flatMapJavaStaticSupertypesScopes$2
Event: 7.818 loading class org/jetbrains/kotlin/load/java/lazy/descriptors/LazyJavaStaticClassScope$flatMapJavaStaticSupertypesScopes$2 done
Event: 7.819 loading class org/jetbrains/kotlin/load/java/lazy/descriptors/LazyJavaStaticClassScope$flatMapJavaStaticSupertypesScopes$1$1
Event: 7.819 loading class org/jetbrains/kotlin/load/java/lazy/descriptors/LazyJavaStaticClassScope$flatMapJavaStaticSupertypesScopes$1$1 done
Event: 7.821 loading class org/jetbrains/kotlin/com/intellij/psi/impl/source/PsiJavaFileImpl
Event: 7.821 loading class org/jetbrains/kotlin/com/intellij/psi/impl/source/PsiJavaFileImpl done
Event: 7.822 loading class org/jetbrains/kotlin/com/intellij/psi/impl/source/PsiJavaFileBaseImpl
Event: 7.822 loading class org/jetbrains/kotlin/com/intellij/psi/impl/source/PsiJavaFileBaseImpl done
Event: 7.822 loading class org/jetbrains/kotlin/com/intellij/psi/PsiJavaFile
Event: 7.822 loading class org/jetbrains/kotlin/com/intellij/psi/PsiJavaFile done


Dynamic libraries:
0x00007ff7e6a30000 - 0x00007ff7e6a61000 	D:\AndroidStudio\jre\jre\bin\java.exe
0x00007ffe72810000 - 0x00007ffe729f1000 	C:\WINDOWS\SYSTEM32\ntdll.dll
0x00007ffe706e0000 - 0x00007ffe70792000 	C:\WINDOWS\System32\KERNEL32.DLL
0x00007ffe6ebe0000 - 0x00007ffe6ee53000 	C:\WINDOWS\System32\KERNELBASE.dll
0x00007ffe6ffc0000 - 0x00007ffe70061000 	C:\WINDOWS\System32\ADVAPI32.dll
0x00007ffe72130000 - 0x00007ffe721ce000 	C:\WINDOWS\System32\msvcrt.dll
0x00007ffe72780000 - 0x00007ffe727db000 	C:\WINDOWS\System32\sechost.dll
0x00007ffe6fe50000 - 0x00007ffe6ff74000 	C:\WINDOWS\System32\RPCRT4.dll
0x00007ffe70a50000 - 0x00007ffe70be0000 	C:\WINDOWS\System32\USER32.dll
0x00007ffe6f760000 - 0x00007ffe6f780000 	C:\WINDOWS\System32\win32u.dll
0x00007ffe6fca0000 - 0x00007ffe6fcc8000 	C:\WINDOWS\System32\GDI32.dll
0x00007ffe6faa0000 - 0x00007ffe6fc32000 	C:\WINDOWS\System32\gdi32full.dll
0x00007ffe6fa00000 - 0x00007ffe6fa9f000 	C:\WINDOWS\System32\msvcp_win.dll
0x00007ffe6f8b0000 - 0x00007ffe6f9aa000 	C:\WINDOWS\System32\ucrtbase.dll
0x00007ffe5daf0000 - 0x00007ffe5dd59000 	C:\WINDOWS\WinSxS\amd64_microsoft.windows.common-controls_6595b64144ccf1df_6.0.17134.345_none_fb429a5930656358\COMCTL32.dll
0x00007ffe703b0000 - 0x00007ffe706d3000 	C:\WINDOWS\System32\combase.dll
0x00007ffe6f830000 - 0x00007ffe6f8aa000 	C:\WINDOWS\System32\bcryptPrimitives.dll
0x00007ffe6ff90000 - 0x00007ffe6ffbd000 	C:\WINDOWS\System32\IMM32.DLL
0x0000000074100000 - 0x00000000741d2000 	D:\AndroidStudio\jre\jre\bin\msvcr100.dll
0x00000000741e0000 - 0x0000000074a21000 	D:\AndroidStudio\jre\jre\bin\server\jvm.dll
0x00007ffe6fcd0000 - 0x00007ffe6fcd8000 	C:\WINDOWS\System32\PSAPI.DLL
0x00007ffe6cfa0000 - 0x00007ffe6cfa9000 	C:\WINDOWS\SYSTEM32\WSOCK32.dll
0x00007ffe6b320000 - 0x00007ffe6b343000 	C:\WINDOWS\SYSTEM32\WINMM.dll
0x00007ffe608f0000 - 0x00007ffe608fa000 	C:\WINDOWS\SYSTEM32\VERSION.dll
0x00007ffe70be0000 - 0x00007ffe70c4c000 	C:\WINDOWS\System32\WS2_32.dll
0x00007ffe6b2f0000 - 0x00007ffe6b31a000 	C:\WINDOWS\SYSTEM32\winmmbase.dll
0x00007ffe6f9b0000 - 0x00007ffe6f9f9000 	C:\WINDOWS\System32\cfgmgr32.dll
0x00007ffe6a290000 - 0x00007ffe6a29f000 	D:\AndroidStudio\jre\jre\bin\verify.dll
0x00007ffe431f0000 - 0x00007ffe43219000 	D:\AndroidStudio\jre\jre\bin\java.dll
0x00007ffe6a1a0000 - 0x00007ffe6a1b6000 	D:\AndroidStudio\jre\jre\bin\zip.dll
0x00007ffe70cd0000 - 0x00007ffe7210f000 	C:\WINDOWS\System32\SHELL32.dll
0x00007ffe707a0000 - 0x00007ffe70849000 	C:\WINDOWS\System32\shcore.dll
0x00007ffe6ee60000 - 0x00007ffe6f56d000 	C:\WINDOWS\System32\windows.storage.dll
0x00007ffe72720000 - 0x00007ffe72771000 	C:\WINDOWS\System32\shlwapi.dll
0x00007ffe6eb30000 - 0x00007ffe6eb41000 	C:\WINDOWS\System32\kernel.appcore.dll
0x00007ffe6eba0000 - 0x00007ffe6ebbf000 	C:\WINDOWS\System32\profapi.dll
0x00007ffe6eb50000 - 0x00007ffe6eb9c000 	C:\WINDOWS\System32\powrprof.dll
0x00007ffe6eb20000 - 0x00007ffe6eb2a000 	C:\WINDOWS\System32\FLTLIB.DLL
0x00007ffe6a040000 - 0x00007ffe6a04d000 	D:\AndroidStudio\jre\jre\bin\management.dll
0x00007ffe69630000 - 0x00007ffe6964a000 	D:\AndroidStudio\jre\jre\bin\net.dll
0x00007ffe6e3a0000 - 0x00007ffe6e406000 	C:\WINDOWS\system32\mswsock.dll
0x00007ffe695e0000 - 0x00007ffe695f1000 	D:\AndroidStudio\jre\jre\bin\nio.dll
0x00007ffe6e560000 - 0x00007ffe6e577000 	C:\WINDOWS\SYSTEM32\CRYPTSP.dll
0x00007ffe6df80000 - 0x00007ffe6dfb3000 	C:\WINDOWS\system32\rsaenh.dll
0x00007ffe6e680000 - 0x00007ffe6e6a5000 	C:\WINDOWS\SYSTEM32\bcrypt.dll
0x00007ffe6ea20000 - 0x00007ffe6ea48000 	C:\WINDOWS\SYSTEM32\USERENV.dll
0x00007ffe6e550000 - 0x00007ffe6e55b000 	C:\WINDOWS\SYSTEM32\CRYPTBASE.dll
0x00007ffe6e120000 - 0x00007ffe6e158000 	C:\WINDOWS\SYSTEM32\IPHLPAPI.DLL
0x00007ffe6ff80000 - 0x00007ffe6ff88000 	C:\WINDOWS\System32\NSI.dll
0x00007ffe683a0000 - 0x00007ffe683b6000 	C:\WINDOWS\SYSTEM32\dhcpcsvc6.DLL
0x00007ffe684f0000 - 0x00007ffe6850a000 	C:\WINDOWS\SYSTEM32\dhcpcsvc.DLL

VM Arguments:
jvm_args: -Djava.awt.headless=true -Djava.rmi.server.hostname=127.0.0.1 -Xmx1536m -Dkotlin.environment.keepalive 
java_command: org.jetbrains.kotlin.daemon.KotlinCompileDaemon --daemon-runFilesPath C:\Users\Chow Jia Jun\AppData\Local\kotlin\daemon --daemon-autoshutdownIdleSeconds=7200 --daemon-compilerClasspath C:\Users\Chow Jia Jun\.gradle\caches\modules-2\files-2.1\org.jetbrains.kotlin\kotlin-compiler-embeddable\1.3.0\6e8167f9aab0f6cfec309c2722f72dc26572a782\kotlin-compiler-embeddable-1.3.0.jar;C:\Users\Chow Jia Jun\.gradle\caches\modules-2\files-2.1\org.jetbrains.kotlin\kotlin-reflect\1.3.0\6fd129fd9ba8581f2cb9c58bfd431dda4ee0457e\kotlin-reflect-1.3.0.jar;C:\Users\Chow Jia Jun\.gradle\caches\modules-2\files-2.1\org.jetbrains.kotlin\kotlin-stdlib\1.3.0\a134b0cfe9bb44f98b0b3e889cda07923eea9428\kotlin-stdlib-1.3.0.jar;C:\Users\Chow Jia Jun\.gradle\caches\modules-2\files-2.1\org.jetbrains.kotlin\kotlin-script-runtime\1.3.0\c7173ea6208fa189fb56d679624fbc5e2026187f\kotlin-script-runtime-1.3.0.jar;C:\Users\Chow Jia Jun\.gradle\caches\modules-2\files-2.1\org.jetbrains.kotlin\kotlin-stdlib-common\1.3.0\84a2e0288dc17cd64d692eb1e5e0de8cd5ff0846\kotlin-stdlib-common-1.3.0.jar;C:\Users\Chow Jia Jun\.gradle\caches\modules-2\files-2.1\org.jetbrains\annotations\13.0\919f0dfe192fb4e063e7dacadee7f8bb9a2672a9\annotations-13.0.jar;D:\AndroidStudio\jre\lib\tools.jar
java_class_path (initial): C:\Users\Chow Jia Jun\.gradle\caches\modules-2\files-2.1\org.jetbrains.kotlin\kotlin-compiler-embeddable\1.3.0\6e8167f9aab0f6cfec309c2722f72dc26572a782\kotlin-compiler-embeddable-1.3.0.jar;C:\Users\Chow Jia Jun\.gradle\caches\modules-2\files-2.1\org.jetbrains.kotlin\kotlin-reflect\1.3.0\6fd129fd9ba8581f2cb9c58bfd431dda4ee0457e\kotlin-reflect-1.3.0.jar;C:\Users\Chow Jia Jun\.gradle\caches\modules-2\files-2.1\org.jetbrains.kotlin\kotlin-stdlib\1.3.0\a134b0cfe9bb44f98b0b3e889cda07923eea9428\kotlin-stdlib-1.3.0.jar;C:\Users\Chow Jia Jun\.gradle\caches\modules-2\files-2.1\org.jetbrains.kotlin\kotlin-script-runtime\1.3.0\c7173ea6208fa189fb56d679624fbc5e2026187f\kotlin-script-runtime-1.3.0.jar;C:\Users\Chow Jia Jun\.gradle\caches\modules-2\files-2.1\org.jetbrains.kotlin\kotlin-stdlib-common\1.3.0\84a2e0288dc17cd64d692eb1e5e0de8cd5ff0846\kotlin-stdlib-common-1.3.0.jar;C:\Users\Chow Jia Jun\.gradle\caches\modules-2\files-2.1\org.jetbrains\annotations\13.0\919f0dfe192fb4e063e7dacadee7f8bb9a2672a9\annotations-13.0.jar;D:\AndroidStudio\jre\lib\tools.jar
Launcher Type: SUN_STANDARD

Environment Variables:
PATH=C:\Program Files (x86)\Common Files\Oracle\Java\javapath;C:\Program Files (x86)\NVIDIA Corporation\PhysX\Common;C:\Program Files (x86)\Razer Chroma SDK\bin;C:\Program Files\Razer Chroma SDK\bin;C:\WINDOWS\system32;C:\WINDOWS;C:\WINDOWS\System32\Wbem;C:\WINDOWS\System32\WindowsPowerShell\v1.0\;C:\Program Files\Microsoft SQL Server\130\Tools\Binn\;C:\Program Files\dotnet\;C:\Users\Chow Jia Jun\AppData\Local\Programs\Python\Python36-32\Scripts\;C:\Users\Chow Jia Jun\AppData\Local\Programs\Python\Python36-32\;C:\Users\Chow Jia Jun\AppData\Local\Microsoft\WindowsApps;C:\WINDOWS\system32;C:\WINDOWS;C:\WINDOWS\System32\Wbem;C:\WINDOWS\System32\WindowsPowerShell\v1.0\;C:\Program Files\Microsoft SQL Server\Client SDK\ODBC\130\Tools\Binn\;C:\Program Files (x86)\Microsoft SQL Server\140\Tools\Binn\;C:\Program Files\Microsoft SQL Server\140\Tools\Binn\;C:\Program Files\Microsoft SQL Server\140\DTS\Binn\;C:\Program Files\nodejs\;C:\WINDOWS\System32\OpenSSH\;C:\Program Files (x86)\Microsoft SQL Server\Client SDK\ODBC\130\Tools\Binn\;C:\Program Files (x86)\Microsoft SQL Server\140\DTS\Binn\;C:\Program Files (x86)\Microsoft SQL Server\140\Tools\Binn\ManagementStudio\;C:\Program Files\Microsoft VS Code\bin;C:\Program Files\Intel\WiFi\bin\;C:\Program Files\Common Files\Intel\WirelessCommon\;C:\Users\Chow Jia Jun\AppData\Local\Programs\Python\Python36-32\Scripts\;C:\Users\Chow Jia Jun\AppData\Local\Programs\Python\Python36-32\;C:\Users\Chow Jia Jun\AppData\Local\Microsoft\WindowsApps;C:\Program Files\Microsoft VS Code\bin;C:\Users\Chow Jia Jun\AppData\Roaming\npm;C:\Users\Chow Jia Jun\AppData\Local\atom\bin;%USERPROFILE%\AppData\Local\Microsoft\WindowsApps;
USERNAME=Chow Jia Jun
OS=Windows_NT
PROCESSOR_IDENTIFIER=Intel64 Family 6 Model 142 Stepping 9, GenuineIntel



---------------  S Y S T E M  ---------------

OS: Windows 10.0 , 64 bit Build 17134 (10.0.17134.1)

CPU:total 4 (initial active 4) (2 cores per cpu, 2 threads per core) family 6 model 142 stepping 9, cmov, cx8, fxsr, mmx, sse, sse2, sse3, ssse3, sse4.1, sse4.2, popcnt, avx, avx2, aes, clmul, erms, 3dnowpref, lzcnt, ht, tsc, tscinvbit, bmi1, bmi2, adx

Memory: 4k page, physical 8266396k(1175300k free), swap 10363548k(4352k free)

vm_info: OpenJDK 64-Bit Server VM (25.152-b06) for windows-amd64 JRE (1.8.0_152-release-1136-b06), built by "builder" with MS VC++ 10.0 (VS2010)

time: Tue Nov 06 18:11:54 2018
elapsed time: 7 seconds (0d 0h 0m 7s)

